#
# A fatal error has been detected by the Java Runtime Environment:
#
#  EXCEPTION_ACCESS_VIOLATION (0xc0000005) at pc=0x00007ff8f271128a, pid=7648, tid=16912
#
# JRE version: Java(TM) SE Runtime Environment (22.0.1+8) (build 22.0.1+8-16)
# Java VM: Java HotSpot(TM) 64-Bit Server VM (22.0.1+8-16, mixed mode, emulated-client, sharing, tiered, compressed oops, compressed class ptrs, g1 gc, windows-amd64)
# Problematic frame:
# V  [jvm.dll+0x22128a]
#
# No core dump will be written. Minidumps are not enabled by default on client versions of Windows
#
# If you would like to submit a bug report, please visit:
#   https://bugreport.java.com/bugreport/crash.jsp
#

---------------  S U M M A R Y ------------

Command Line: -XX:TieredStopAtLevel=1 -Dspring.output.ansi.enabled=always -javaagent:D:\intelj\IntelliJ IDEA 2025.3.2\lib\idea_rt.jar=64334 -Dfile.encoding=UTF-8 -Dsun.stdout.encoding=UTF-8 -Dsun.stderr.encoding=UTF-8 Arts.Gallery.GalleryApplication

Host: AMD Ryzen 3 7320U with Radeon Graphics         , 8 cores, 7G,  Windows 11 , 64 bit Build 22621 (10.0.22621.5415)
Time: Mon Apr  6 15:15:52 2026 India Standard Time elapsed time: 4776.748068 seconds (0d 1h 19m 36s)

---------------  T H R E A D  ---------------

Current thread (0x0000024406ecf730):  WorkerThread "G1 Conc#1"      [id=16912, stack(0x0000009318f00000,0x0000009319000000) (1024K)]

Stack: [0x0000009318f00000,0x0000009319000000],  sp=0x0000009318fff3e0,  free space=1020k
Native frames: (J=compiled Java code, j=interpreted, Vv=VM code, C=native code)
V  [jvm.dll+0x22128a]  (no source info available)
V  [jvm.dll+0x31ac0d]  (no source info available)
V  [jvm.dll+0x333632]  (no source info available)
V  [jvm.dll+0x339710]  (no source info available)
V  [jvm.dll+0x335fd1]  (no source info available)
V  [jvm.dll+0x337b5c]  (no source info available)
V  [jvm.dll+0x3368c4]  (no source info available)
V  [jvm.dll+0x33a226]  (no source info available)
V  [jvm.dll+0x8a4297]  (no source info available)
V  [jvm.dll+0x81d44b]  (no source info available)
V  [jvm.dll+0x6e0915]  (no source info available)
C  [ucrtbase.dll+0x29333]  (no source info available)
C  [KERNEL32.DLL+0x1259d]  (no source info available)
C  [ntdll.dll+0x5af78]  (no source info available)


siginfo: EXCEPTION_ACCESS_VIOLATION (0xc0000005), reading address 0xffffffffffffffff


Registers:
RAX=0x00000243c2a73fc8, RBX=0x0008010006080000, RCX=0x0008010006080000, RDX=0x0000009318fff560
RSP=0x0000009318fff3e0, RBP=0x0000009318fff560, RSI=0x00000243c1006af0, RDI=0x000000008e6dd50c
R8 =0x0000000000000003, R9 =0x0000000000000000, R10=0x00000243b0476970, R11=0x0000000000000003
R12=0x0000000000000001, R13=0x00000244065900a8, R14=0x000000008e6dd4a0, R15=0x00000243c1006af0
RIP=0x00007ff8f271128a, EFLAGS=0x0000000000010206


Register to memory mapping:

RAX=0x00000243c2a73fc8 is pointing into metadata
RBX=0x0008010006080000 is an unknown value
RCX=0x0008010006080000 is an unknown value
RDX=0x0000009318fff560 points into unknown readable memory: 0x00007ff8f2ee0668 | 68 06 ee f2 f8 7f 00 00
RSP=0x0000009318fff3e0 points into unknown readable memory: 0x000000008e6dd50c | 0c d5 6d 8e 00 00 00 00
RBP=0x0000009318fff560 points into unknown readable memory: 0x00007ff8f2ee0668 | 68 06 ee f2 f8 7f 00 00
RSI={method} {0x00000243c1006af8} 'toString' '()Ljava/lang/String;' in 'java/lang/Class'
RDI=0x000000008e6dd50c is pointing into object: java.lang.Class 
{0x000000008e6dd4a0} - klass: 'java/lang/Class'
 - ---- fields (total size 14 words):
 - private volatile transient 'classRedefinedCount' 'I' @12  0 (0x00000000)
 - injected 'klass' 'J' @16  2490051805128 (0x00000243c2a73fc8)
 - injected 'array_klass' 'J' @24  0 (0x0000000000000000)
 - injected 'oop_size' 'I' @32  14 (0x0000000e)
 - injected 'static_oop_field_count' 'I' @36  0 (0x00000000)
 - private volatile transient 'cachedConstructor' 'Ljava/lang/reflect/Constructor;' @40  null (0x00000000)
 - private transient 'name' 'Ljava/lang/String;' @44  "org.springframework.http.server.observation.ServerHttpObservationDocumentation$LowCardinalityKeyNames$3"{0x000000008e6dd510} (0x8e6dd510)
 - private transient 'module' 'Ljava/lang/Module;' @48  a 'java/lang/Module'{0x000000008c647638} (0x8c647638)
 - private final 'classLoader' 'Ljava/lang/ClassLoader;' @52  a 'jdk/internal/loader/ClassLoaders$AppClassLoader'{0x000000008c620a28} (0x8c620a28)
 - private transient 'classData' 'Ljava/lang/Object;' @56  null (0x00000000)
 - private transient 'packageName' 'Ljava/lang/String;' @60  "org.springframework.http.server.observation"{0x000000008df748e8} (0x8df748e8)
 - private final 'componentType' 'Ljava/lang/Class;' @64  null (0x00000000)
 - private volatile transient 'reflectionData' 'Ljava/lang/ref/SoftReference;' @68  null (0x00000000)
 - private volatile transient 'genericInfo' 'Lsun/reflect/generics/repository/ClassRepository;' @72  null (0x00000000)
 - private volatile transient 'enumConstants' '[Ljava/lang/Object;' @76  null (0x00000000)
 - private volatile transient 'enumConstantDirectory' 'Ljava/util/Map;' @80  null (0x00000000)
 - private volatile transient 'annotationData' 'Ljava/lang/Class$AnnotationData;' @84  null (0x00000000)
 - private volatile transient 'annotationType' 'Lsun/reflect/annotation/AnnotationType;' @88  null (0x00000000)
 - transient 'classValueMap' 'Ljava/lang/ClassValue$ClassValueMap;' @92  null (0x00000000)
 - injected 'protection_domain' 'Ljava/lang/Object;' @96  a 'java/security/ProtectionDomain'{0x000000008c66dc88} (0x8c66dc88)
 - injected 'signers_name' 'Ljava/lang/Object;' @100  null (0x00000000)
 - injected 'source_file' 'Ljava/lang/Object;' @104  null (0x00000000)
 - signature: Lorg/springframework/http/server/observation/ServerHttpObservationDocumentation$LowCardinalityKeyNames$3;
 - ---- static fields (0):
R8 =0x0000000000000003 is an unknown value
R9 =0x0 is null
R10=0x00000243b0476970 points into unknown readable memory: 0x00007ff8f2eded40 | 40 ed ed f2 f8 7f 00 00
R11=0x0000000000000003 is an unknown value
R12=0x0000000000000001 is an unknown value
R13=0x00000244065900a8 points into unknown readable memory: 0x0000000000000000 | 00 00 00 00 00 00 00 00
R14=0x000000008e6dd4a0 is an oop: java.lang.Class 
{0x000000008e6dd4a0} - klass: 'java/lang/Class'
 - ---- fields (total size 14 words):
 - private volatile transient 'classRedefinedCount' 'I' @12  0 (0x00000000)
 - injected 'klass' 'J' @16  2490051805128 (0x00000243c2a73fc8)
 - injected 'array_klass' 'J' @24  0 (0x0000000000000000)
 - injected 'oop_size' 'I' @32  14 (0x0000000e)
 - injected 'static_oop_field_count' 'I' @36  0 (0x00000000)
 - private volatile transient 'cachedConstructor' 'Ljava/lang/reflect/Constructor;' @40  null (0x00000000)
 - private transient 'name' 'Ljava/lang/String;' @44  "org.springframework.http.server.observation.ServerHttpObservationDocumentation$LowCardinalityKeyNames$3"{0x000000008e6dd510} (0x8e6dd510)
 - private transient 'module' 'Ljava/lang/Module;' @48  a 'java/lang/Module'{0x000000008c647638} (0x8c647638)
 - private final 'classLoader' 'Ljava/lang/ClassLoader;' @52  a 'jdk/internal/loader/ClassLoaders$AppClassLoader'{0x000000008c620a28} (0x8c620a28)
 - private transient 'classData' 'Ljava/lang/Object;' @56  null (0x00000000)
 - private transient 'packageName' 'Ljava/lang/String;' @60  "org.springframework.http.server.observation"{0x000000008df748e8} (0x8df748e8)
 - private final 'componentType' 'Ljava/lang/Class;' @64  null (0x00000000)
 - private volatile transient 'reflectionData' 'Ljava/lang/ref/SoftReference;' @68  null (0x00000000)
 - private volatile transient 'genericInfo' 'Lsun/reflect/generics/repository/ClassRepository;' @72  null (0x00000000)
 - private volatile transient 'enumConstants' '[Ljava/lang/Object;' @76  null (0x00000000)
 - private volatile transient 'enumConstantDirectory' 'Ljava/util/Map;' @80  null (0x00000000)
 - private volatile transient 'annotationData' 'Ljava/lang/Class$AnnotationData;' @84  null (0x00000000)
 - private volatile transient 'annotationType' 'Lsun/reflect/annotation/AnnotationType;' @88  null (0x00000000)
 - transient 'classValueMap' 'Ljava/lang/ClassValue$ClassValueMap;' @92  null (0x00000000)
 - injected 'protection_domain' 'Ljava/lang/Object;' @96  a 'java/security/ProtectionDomain'{0x000000008c66dc88} (0x8c66dc88)
 - injected 'signers_name' 'Ljava/lang/Object;' @100  null (0x00000000)
 - injected 'source_file' 'Ljava/lang/Object;' @104  null (0x00000000)
 - signature: Lorg/springframework/http/server/observation/ServerHttpObservationDocumentation$LowCardinalityKeyNames$3;
 - ---- static fields (0):
R15={method} {0x00000243c1006af8} 'toString' '()Ljava/lang/String;' in 'java/lang/Class'

Top of Stack: (sp=0x0000009318fff3e0)
0x0000009318fff3e0:   000000008e6dd50c 00007ff8f280ac0d
0x0000009318fff3f0:   000000008e6dd500 00007ff8f280aaed
0x0000009318fff400:   000000008e6dcf74 000002440658fc01
0x0000009318fff410:   0000009318fff520 000002440658fc01
0x0000009318fff420:   00000243c10067f8 00007ff8f2823632
0x0000009318fff430:   000000000000000e 0000009318fff560
0x0000009318fff440:   000000008e6dd4a0 0000000000000000
0x0000009318fff450:   00000243b04cbc20 00007ff8f2829710
0x0000009318fff460:   000000008e6dd4a0 00000243b04b7e30
0x0000009318fff470:   0000009318fff520 00000243b04b7e30
0x0000009318fff480:   000000008e6dd4a0 00007ff8f2825fd1
0x0000009318fff490:   000000000049ba94 0000024406fad810
0x0000009318fff4a0:   000000008cd003f8 00007ff8f2827634
0x0000009318fff4b0:   00000000004a0000 00007ff8f2827b5c
0x0000009318fff4c0:   000000008e6dd428 000000000049ba94
0x0000009318fff4d0:   000000000010b076 0000000000000000
0x0000009318fff4e0:   0000000000000000 000002440658fc01
0x0000009318fff4f0:   00000243b04cbc20 00007ff8f28268c4
0x0000009318fff500:   00000243b04cbcb8 aaaaaaaaaaaaaaab
0x0000009318fff510:   0000000000000000 0000000000000000
0x0000009318fff520:   00000243b04b7e20 00000243b04cbc20
0x0000009318fff530:   000000008e600000 0000000000020000
0x0000009318fff540:   000000008e600000 0000000000020000
0x0000009318fff550:   0000000000000000 00000000000bebc2
0x0000009318fff560:   00007ff8f2ee0668 00000243c05e5040
0x0000009318fff570:   0000000000000003 00000243b0476970
0x0000009318fff580:   00000243b04cbc20 00007ff8f2ba1273
0x0000009318fff590:   c215b08487ffaf1b 0000000000000000
0x0000009318fff5a0:   0000000000000000 0000000000000000
0x0000009318fff5b0:   000002440658fcd0 000002440658fcc0
0x0000009318fff5c0:   00000244065900a8 0000000000000030
0x0000009318fff5d0:   00000093175ff3b0 0000024406fad810 

Instructions: (pc=0x00007ff8f271128a)
0x00007ff8f271118a:   d7 48 8b 43 48 48 85 c0 74 0c 48 8b 4b 48 48 8b
0x00007ff8f271119a:   d7 e8 50 4f 48 00 48 8b 5c 24 30 48 83 c4 20 5f
0x00007ff8f27111aa:   c3 cc cc cc cc cc 48 8b 05 29 7f a7 00 4c 8b c9
0x00007ff8f27111ba:   48 c1 e8 0c 48 8d 0d 2b fd 7a 00 83 e0 0f 8b 0c
0x00007ff8f27111ca:   81 48 d3 e2 48 0b 15 0b 7f a7 00 49 89 11 c3 cc
0x00007ff8f27111da:   cc cc cc cc cc cc 48 89 6c 24 18 56 48 83 ec 20
0x00007ff8f27111ea:   48 8b 29 48 8b f2 48 85 ed 74 78 8b 85 00 01 00
0x00007ff8f27111fa:   00 48 89 7c 24 38 48 89 5c 24 30 85 c0 74 1d 48
0x00007ff8f271120a:   8b dd 8b f8 66 90 48 8b 06 48 8b d3 48 8b ce ff
0x00007ff8f271121a:   50 08 48 83 c3 08 48 83 ef 01 75 ea 48 8b bd 08
0x00007ff8f271122a:   01 00 00 48 85 ff 74 31 8b 87 00 01 00 00 85 c0
0x00007ff8f271123a:   74 1b 48 8b df 8b e8 48 8b 06 48 8b d3 48 8b ce
0x00007ff8f271124a:   ff 50 08 48 83 c3 08 48 83 ed 01 75 ea 48 8b bf
0x00007ff8f271125a:   08 01 00 00 48 85 ff 75 cf 48 8b 5c 24 30 48 8b
0x00007ff8f271126a:   7c 24 38 48 8b 6c 24 40 48 83 c4 20 5e c3 cc cc
0x00007ff8f271127a:   cc cc cc cc cc cc 40 53 48 8b d9 45 85 c0 74 37
0x00007ff8f271128a:   44 8b 59 28 45 8b d3 45 23 d0 45 3b d0 74 3b 0f
0x00007ff8f271129a:   1f 80 00 00 00 00 41 8b cb 41 8b c3 41 0b c8 f0
0x00007ff8f27112aa:   0f b1 4b 28 74 11 44 8b 5b 28 41 8b c3 41 23 c0
0x00007ff8f27112ba:   41 3b c0 75 e1 5b c3 45 84 c9 74 04 c6 43 22 00
0x00007ff8f27112ca:   48 8d 4b 30 5b e9 0c ff ff ff 5b c3 cc cc cc cc
0x00007ff8f27112da:   cc cc cc cc cc cc 48 8b 41 40 48 85 c0 74 09 48
0x00007ff8f27112ea:   8b 49 40 e9 fe 4d 48 00 c3 cc cc cc cc cc cc cc
0x00007ff8f27112fa:   cc cc cc cc cc cc 48 89 5c 24 08 57 48 83 ec 20
0x00007ff8f271130a:   80 79 20 00 48 8b fa 48 8b d9 75 50 48 8b 49 08
0x00007ff8f271131a:   48 85 c9 74 47 ff 15 fb 0c 9b 00 48 85 c0 74 3c
0x00007ff8f271132a:   4c 8b c3 48 8d 15 5c fd 7a 00 48 8b cf e8 84 2e
0x00007ff8f271133a:   4c 00 48 8b 4b 08 48 85 c9 75 0e 33 c0 48 8b d7
0x00007ff8f271134a:   8b c8 e8 df c1 4a 00 eb 58 ff 15 c7 0c 9b 00 48
0x00007ff8f271135a:   8b c8 48 8b d7 e8 cc c1 4a 00 eb 45 48 8b 8b 80
0x00007ff8f271136a:   00 00 00 48 85 c9 75 09 48 8d 05 07 fd 7a 00 eb
0x00007ff8f271137a:   1b 48 8b 83 90 00 00 00 48 85 c0 74 0a 48 8b c8 


Stack slot to memory mapping:

stack at sp + 0 slots: 0x000000008e6dd50c is pointing into object: java.lang.Class 
{0x000000008e6dd4a0} - klass: 'java/lang/Class'
 - ---- fields (total size 14 words):
 - private volatile transient 'classRedefinedCount' 'I' @12  0 (0x00000000)
 - injected 'klass' 'J' @16  2490051805128 (0x00000243c2a73fc8)
 - injected 'array_klass' 'J' @24  0 (0x0000000000000000)
 - injected 'oop_size' 'I' @32  14 (0x0000000e)
 - injected 'static_oop_field_count' 'I' @36  0 (0x00000000)
 - private volatile transient 'cachedConstructor' 'Ljava/lang/reflect/Constructor;' @40  null (0x00000000)
 - private transient 'name' 'Ljava/lang/String;' @44  "org.springframework.http.server.observation.ServerHttpObservationDocumentation$LowCardinalityKeyNames$3"{0x000000008e6dd510} (0x8e6dd510)
 - private transient 'module' 'Ljava/lang/Module;' @48  a 'java/lang/Module'{0x000000008c647638} (0x8c647638)
 - private final 'classLoader' 'Ljava/lang/ClassLoader;' @52  a 'jdk/internal/loader/ClassLoaders$AppClassLoader'{0x000000008c620a28} (0x8c620a28)
 - private transient 'classData' 'Ljava/lang/Object;' @56  null (0x00000000)
 - private transient 'packageName' 'Ljava/lang/String;' @60  "org.springframework.http.server.observation"{0x000000008df748e8} (0x8df748e8)
 - private final 'componentType' 'Ljava/lang/Class;' @64  null (0x00000000)
 - private volatile transient 'reflectionData' 'Ljava/lang/ref/SoftReference;' @68  null (0x00000000)
 - private volatile transient 'genericInfo' 'Lsun/reflect/generics/repository/ClassRepository;' @72  null (0x00000000)
 - private volatile transient 'enumConstants' '[Ljava/lang/Object;' @76  null (0x00000000)
 - private volatile transient 'enumConstantDirectory' 'Ljava/util/Map;' @80  null (0x00000000)
 - private volatile transient 'annotationData' 'Ljava/lang/Class$AnnotationData;' @84  null (0x00000000)
 - private volatile transient 'annotationType' 'Lsun/reflect/annotation/AnnotationType;' @88  null (0x00000000)
 - transient 'classValueMap' 'Ljava/lang/ClassValue$ClassValueMap;' @92  null (0x00000000)
 - injected 'protection_domain' 'Ljava/lang/Object;' @96  a 'java/security/ProtectionDomain'{0x000000008c66dc88} (0x8c66dc88)
 - injected 'signers_name' 'Ljava/lang/Object;' @100  null (0x00000000)
 - injected 'source_file' 'Ljava/lang/Object;' @104  null (0x00000000)
 - signature: Lorg/springframework/http/server/observation/ServerHttpObservationDocumentation$LowCardinalityKeyNames$3;
 - ---- static fields (0):
stack at sp + 1 slots: 0x00007ff8f280ac0d jvm.dll
stack at sp + 2 slots: 0x000000008e6dd500 is pointing into object: java.lang.Class 
{0x000000008e6dd4a0} - klass: 'java/lang/Class'
 - ---- fields (total size 14 words):
 - private volatile transient 'classRedefinedCount' 'I' @12  0 (0x00000000)
 - injected 'klass' 'J' @16  2490051805128 (0x00000243c2a73fc8)
 - injected 'array_klass' 'J' @24  0 (0x0000000000000000)
 - injected 'oop_size' 'I' @32  14 (0x0000000e)
 - injected 'static_oop_field_count' 'I' @36  0 (0x00000000)
 - private volatile transient 'cachedConstructor' 'Ljava/lang/reflect/Constructor;' @40  null (0x00000000)
 - private transient 'name' 'Ljava/lang/String;' @44  "org.springframework.http.server.observation.ServerHttpObservationDocumentation$LowCardinalityKeyNames$3"{0x000000008e6dd510} (0x8e6dd510)
 - private transient 'module' 'Ljava/lang/Module;' @48  a 'java/lang/Module'{0x000000008c647638} (0x8c647638)
 - private final 'classLoader' 'Ljava/lang/ClassLoader;' @52  a 'jdk/internal/loader/ClassLoaders$AppClassLoader'{0x000000008c620a28} (0x8c620a28)
 - private transient 'classData' 'Ljava/lang/Object;' @56  null (0x00000000)
 - private transient 'packageName' 'Ljava/lang/String;' @60  "org.springframework.http.server.observation"{0x000000008df748e8} (0x8df748e8)
 - private final 'componentType' 'Ljava/lang/Class;' @64  null (0x00000000)
 - private volatile transient 'reflectionData' 'Ljava/lang/ref/SoftReference;' @68  null (0x00000000)
 - private volatile transient 'genericInfo' 'Lsun/reflect/generics/repository/ClassRepository;' @72  null (0x00000000)
 - private volatile transient 'enumConstants' '[Ljava/lang/Object;' @76  null (0x00000000)
 - private volatile transient 'enumConstantDirectory' 'Ljava/util/Map;' @80  null (0x00000000)
 - private volatile transient 'annotationData' 'Ljava/lang/Class$AnnotationData;' @84  null (0x00000000)
 - private volatile transient 'annotationType' 'Lsun/reflect/annotation/AnnotationType;' @88  null (0x00000000)
 - transient 'classValueMap' 'Ljava/lang/ClassValue$ClassValueMap;' @92  null (0x00000000)
 - injected 'protection_domain' 'Ljava/lang/Object;' @96  a 'java/security/ProtectionDomain'{0x000000008c66dc88} (0x8c66dc88)
 - injected 'signers_name' 'Ljava/lang/Object;' @100  null (0x00000000)
 - injected 'source_file' 'Ljava/lang/Object;' @104  null (0x00000000)
 - signature: Lorg/springframework/http/server/observation/ServerHttpObservationDocumentation$LowCardinalityKeyNames$3;
 - ---- static fields (0):
stack at sp + 3 slots: 0x00007ff8f280aaed jvm.dll
stack at sp + 4 slots: 0x000000008e6dcf74 is pointing into object: [Ljava.util.concurrent.ConcurrentHashMap$Node; 
{0x000000008e6dcf38} - klass: 'java/util/concurrent/ConcurrentHashMap$Node'[]
 - length: 16
stack at sp + 5 slots: 0x000002440658fc01 points into unknown readable memory: ff ff ff ff ff ff ff
stack at sp + 6 slots: 0x0000009318fff520 points into unknown readable memory: 0x00000243b04b7e20 | 20 7e 4b b0 43 02 00 00
stack at sp + 7 slots: 0x000002440658fc01 points into unknown readable memory: ff ff ff ff ff ff ff


---------------  P R O C E S S  ---------------

Threads class SMR info:
_java_thread_list=0x0000024408f2a520, length=30, elements={
0x00000243c0748410, 0x00000243c07492e0, 0x00000243c0757130, 0x00000243c0757b00,
0x00000243c0758320, 0x00000243c075be50, 0x00000243c0768da0, 0x00000243c0959db0,
0x0000024406061290, 0x0000024406061900, 0x000002440742d980, 0x0000024407bdd300,
0x0000024407c9c4b0, 0x0000024407bdd970, 0x0000024406eb0bb0, 0x0000024406eb3310,
0x00000244091bbc40, 0x00000244091bb5b0, 0x00000244091baf20, 0x00000244091b6d80,
0x00000244091b7aa0, 0x00000244091b8130, 0x00000244091bc2d0, 0x00000244091bc960,
0x00000244091b87c0, 0x00000244091ba200, 0x00000244091b8e50, 0x00000244091bcff0,
0x00000244091ba890, 0x00000244091b94e0
}

Java Threads: ( => current thread )
  0x00000243c0748410 JavaThread "Reference Handler"          daemon [_thread_blocked, id=8540, stack(0x0000009317b00000,0x0000009317c00000) (1024K)]
  0x00000243c07492e0 JavaThread "Finalizer"                  daemon [_thread_blocked, id=13912, stack(0x0000009317c00000,0x0000009317d00000) (1024K)]
  0x00000243c0757130 JavaThread "Signal Dispatcher"          daemon [_thread_blocked, id=17644, stack(0x0000009317d00000,0x0000009317e00000) (1024K)]
  0x00000243c0757b00 JavaThread "Attach Listener"            daemon [_thread_blocked, id=276, stack(0x0000009317e00000,0x0000009317f00000) (1024K)]
  0x00000243c0758320 JavaThread "Service Thread"             daemon [_thread_blocked, id=2112, stack(0x0000009317f00000,0x0000009318000000) (1024K)]
  0x00000243c075be50 JavaThread "Monitor Deflation Thread"   daemon [_thread_blocked, id=9564, stack(0x0000009318000000,0x0000009318100000) (1024K)]
  0x00000243c0768da0 JavaThread "C1 CompilerThread0"         daemon [_thread_blocked, id=15580, stack(0x0000009318100000,0x0000009318200000) (1024K)]
  0x00000243c0959db0 JavaThread "Common-Cleaner"             daemon [_thread_blocked, id=16084, stack(0x0000009318200000,0x0000009318300000) (1024K)]
  0x0000024406061290 JavaThread "Monitor Ctrl-Break"         daemon [_thread_in_native, id=13468, stack(0x0000009318400000,0x0000009318500000) (1024K)]
  0x0000024406061900 JavaThread "Notification Thread"        daemon [_thread_blocked, id=8292, stack(0x0000009318500000,0x0000009318600000) (1024K)]
  0x000002440742d980 JavaThread "mysql-cj-abandoned-connection-cleanup" daemon [_thread_blocked, id=19156, stack(0x0000009319200000,0x0000009319300000) (1024K)]
  0x0000024407bdd300 JavaThread "HikariPool-1 housekeeper"   daemon [_thread_blocked, id=7736, stack(0x0000009319400000,0x0000009319500000) (1024K)]
  0x0000024407c9c4b0 JavaThread "Catalina-utility-1"                [_thread_blocked, id=14492, stack(0x0000009319500000,0x0000009319600000) (1024K)]
  0x0000024407bdd970 JavaThread "Catalina-utility-2"                [_thread_blocked, id=292, stack(0x0000009319600000,0x0000009319700000) (1024K)]
  0x0000024406eb0bb0 JavaThread "container-0"                       [_thread_blocked, id=16940, stack(0x0000009319700000,0x0000009319800000) (1024K)]
  0x0000024406eb3310 JavaThread "File Watcher"               daemon [_thread_blocked, id=18464, stack(0x0000009319900000,0x0000009319a00000) (1024K)]
  0x00000244091bbc40 JavaThread "Live Reload Server"         daemon [_thread_in_native, id=2568, stack(0x0000009319b00000,0x0000009319c00000) (1024K)]
  0x00000244091bb5b0 JavaThread "http-nio-8080-exec-1"       daemon [_thread_blocked, id=19160, stack(0x0000009319a00000,0x0000009319b00000) (1024K)]
  0x00000244091baf20 JavaThread "http-nio-8080-exec-2"       daemon [_thread_blocked, id=14376, stack(0x0000009319c00000,0x0000009319d00000) (1024K)]
  0x00000244091b6d80 JavaThread "http-nio-8080-exec-3"       daemon [_thread_blocked, id=4136, stack(0x0000009319d00000,0x0000009319e00000) (1024K)]
  0x00000244091b7aa0 JavaThread "http-nio-8080-exec-4"       daemon [_thread_blocked, id=19356, stack(0x0000009319e00000,0x0000009319f00000) (1024K)]
  0x00000244091b8130 JavaThread "http-nio-8080-exec-5"       daemon [_thread_blocked, id=14280, stack(0x0000009319f00000,0x000000931a000000) (1024K)]
  0x00000244091bc2d0 JavaThread "http-nio-8080-exec-6"       daemon [_thread_blocked, id=7668, stack(0x000000931a000000,0x000000931a100000) (1024K)]
  0x00000244091bc960 JavaThread "http-nio-8080-exec-7"       daemon [_thread_blocked, id=8048, stack(0x000000931a100000,0x000000931a200000) (1024K)]
  0x00000244091b87c0 JavaThread "http-nio-8080-exec-8"       daemon [_thread_blocked, id=17852, stack(0x000000931a200000,0x000000931a300000) (1024K)]
  0x00000244091ba200 JavaThread "http-nio-8080-exec-9"       daemon [_thread_blocked, id=14180, stack(0x000000931a300000,0x000000931a400000) (1024K)]
  0x00000244091b8e50 JavaThread "http-nio-8080-exec-10"      daemon [_thread_blocked, id=18840, stack(0x000000931a400000,0x000000931a500000) (1024K)]
  0x00000244091bcff0 JavaThread "http-nio-8080-Poller"       daemon [_thread_in_native, id=17996, stack(0x000000931a500000,0x000000931a600000) (1024K)]
  0x00000244091ba890 JavaThread "http-nio-8080-Acceptor"     daemon [_thread_in_native, id=6576, stack(0x000000931a600000,0x000000931a700000) (1024K)]
  0x00000244091b94e0 JavaThread "DestroyJavaVM"                     [_thread_blocked, id=9604, stack(0x0000009317300000,0x0000009317400000) (1024K)]
Total: 30

Other Threads:
  0x00000243c072da80 VMThread "VM Thread"                           [id=12316, stack(0x0000009317a00000,0x0000009317b00000) (1024K)]
  0x00000243c07163f0 WatcherThread "VM Periodic Task Thread"        [id=264, stack(0x0000009317900000,0x0000009317a00000) (1024K)]
  0x00000243b04b7820 WorkerThread "GC Thread#0"                     [id=1764, stack(0x0000009317400000,0x0000009317500000) (1024K)]
  0x0000024406545000 WorkerThread "GC Thread#1"                     [id=17772, stack(0x0000009318a00000,0x0000009318b00000) (1024K)]
  0x000002440655b950 WorkerThread "GC Thread#2"                     [id=8948, stack(0x0000009318b00000,0x0000009318c00000) (1024K)]
  0x000002440655bd00 WorkerThread "GC Thread#3"                     [id=8584, stack(0x0000009318c00000,0x0000009318d00000) (1024K)]
  0x000002440655e1e0 WorkerThread "GC Thread#4"                     [id=14728, stack(0x0000009318d00000,0x0000009318e00000) (1024K)]
  0x000002440655e590 WorkerThread "GC Thread#5"                     [id=19384, stack(0x0000009318e00000,0x0000009318f00000) (1024K)]
  0x00000244068f2af0 WorkerThread "GC Thread#6"                     [id=2100, stack(0x0000009319000000,0x0000009319100000) (1024K)]
  0x0000024406925bd0 WorkerThread "GC Thread#7"                     [id=8348, stack(0x0000009319100000,0x0000009319200000) (1024K)]
  0x00000243b04c94a0 ConcurrentGCThread "G1 Main Marker"            [id=19132, stack(0x0000009317500000,0x0000009317600000) (1024K)]
  0x00000243b04c9eb0 WorkerThread "G1 Conc#0"                       [id=2028, stack(0x0000009317600000,0x0000009317700000) (1024K)]
=>0x0000024406ecf730 WorkerThread "G1 Conc#1"                       [id=16912, stack(0x0000009318f00000,0x0000009319000000) (1024K)]
  0x00000243c05e8900 ConcurrentGCThread "G1 Refine#0"               [id=1464, stack(0x0000009317700000,0x0000009317800000) (1024K)]
  0x00000243c05e9380 ConcurrentGCThread "G1 Service"                [id=17816, stack(0x0000009317800000,0x0000009317900000) (1024K)]
Total: 15

Threads with active compile tasks:
Total: 0

VM state: not at safepoint (normal execution)

VM Mutex/Monitor currently owned by a thread: None

Heap address: 0x000000008c200000, size: 1854 MB, Compressed Oops mode: 32-bit

CDS archive(s) mapped at: [0x00000243c1000000-0x00000243c1c60000-0x00000243c1c60000), size 12976128, SharedBaseAddress: 0x00000243c1000000, ArchiveRelocationMode: 1.
Compressed class space mapped at: 0x00000243c2000000-0x0000024402000000, reserved size: 1073741824
Narrow klass base: 0x00000243c1000000, Narrow klass shift: 0, Narrow klass range: 0x41000000

GC Precious Log:
 CardTable entry size: 512
 Card Set container configuration: InlinePtr #cards 5 size 8 Array Of Cards #cards 12 size 40 Howl #buckets 4 coarsen threshold 1843 Howl Bitmap #cards 512 size 80 coarsen threshold 460 Card regions per heap region 1 cards per card region 2048
 CPUs: 8 total, 8 available
 Memory: 7413M
 Large Page Support: Disabled
 NUMA Support: Disabled
 Compressed Oops: Enabled (32-bit)
 Heap Region Size: 1M
 Heap Min Capacity: 8M
 Heap Initial Capacity: 116M
 Heap Max Capacity: 1854M
 Pre-touch: Disabled
 Parallel Workers: 8
 Concurrent Workers: 2
 Concurrent Refinement Workers: 8
 Periodic GC: Disabled

Heap:
 garbage-first heap   total reserved 1898496K, committed 68608K, used 36993K [0x000000008c200000, 0x0000000100000000)
  region size 1024K, 3 young (3072K), 2 survivors (2048K)
 Metaspace       used 74800K, committed 75520K, reserved 1114112K
  class space    used 11010K, committed 11328K, reserved 1048576K

Heap Regions: E=young(eden), S=young(survivor), O=old, HS=humongous(starts), HC=humongous(continues), CS=collection set, F=free, TAMS=top-at-mark-start, PB=parsable bottom
|   0|0x000000008c200000, 0x000000008c300000, 0x000000008c300000|100%|HS|  |TAMS 0x000000008c300000| PB 0x000000008c200000| Complete |  0
|   1|0x000000008c300000, 0x000000008c400000, 0x000000008c400000|100%| O|  |TAMS 0x000000008c400000| PB 0x000000008c300000| Untracked |  0
|   2|0x000000008c400000, 0x000000008c500000, 0x000000008c500000|100%| O|  |TAMS 0x000000008c500000| PB 0x000000008c400000| Untracked |  0
|   3|0x000000008c500000, 0x000000008c600000, 0x000000008c600000|100%| O|  |TAMS 0x000000008c600000| PB 0x000000008c500000| Untracked |  0
|   4|0x000000008c600000, 0x000000008c700000, 0x000000008c700000|100%| O|  |TAMS 0x000000008c700000| PB 0x000000008c600000| Untracked |  0
|   5|0x000000008c700000, 0x000000008c800000, 0x000000008c800000|100%| O|  |TAMS 0x000000008c800000| PB 0x000000008c700000| Untracked |  0
|   6|0x000000008c800000, 0x000000008c900000, 0x000000008c900000|100%| O|  |TAMS 0x000000008c900000| PB 0x000000008c800000| Untracked |  0
|   7|0x000000008c900000, 0x000000008c900000, 0x000000008ca00000|  0%| F|  |TAMS 0x000000008c900000| PB 0x000000008c900000| Untracked |  0
|   8|0x000000008ca00000, 0x000000008cb00000, 0x000000008cb00000|100%| O|  |TAMS 0x000000008cb00000| PB 0x000000008ca00000| Untracked |  0
|   9|0x000000008cb00000, 0x000000008cc00000, 0x000000008cc00000|100%| O|  |TAMS 0x000000008cc00000| PB 0x000000008cb00000| Untracked |  0
|  10|0x000000008cc00000, 0x000000008cc2a5f0, 0x000000008cd00000| 16%| O|  |TAMS 0x000000008cc2a5f0| PB 0x000000008cc00000| Untracked |  0
|  11|0x000000008cd00000, 0x000000008ce00000, 0x000000008ce00000|100%| O|  |TAMS 0x000000008ce00000| PB 0x000000008cd00000| Untracked |  0
|  12|0x000000008ce00000, 0x000000008cf00000, 0x000000008cf00000|100%| O|  |TAMS 0x000000008cf00000| PB 0x000000008ce00000| Untracked |  0
|  13|0x000000008cf00000, 0x000000008d000000, 0x000000008d000000|100%| O|  |TAMS 0x000000008d000000| PB 0x000000008cf00000| Untracked |  0
|  14|0x000000008d000000, 0x000000008d100000, 0x000000008d100000|100%| O|  |TAMS 0x000000008d100000| PB 0x000000008d000000| Untracked |  0
|  15|0x000000008d100000, 0x000000008d100000, 0x000000008d200000|  0%| F|  |TAMS 0x000000008d100000| PB 0x000000008d100000| Untracked |  0
|  16|0x000000008d200000, 0x000000008d200000, 0x000000008d300000|  0%| F|  |TAMS 0x000000008d200000| PB 0x000000008d200000| Untracked |  0
|  17|0x000000008d300000, 0x000000008d400000, 0x000000008d400000|100%| O|  |TAMS 0x000000008d400000| PB 0x000000008d300000| Untracked |  0
|  18|0x000000008d400000, 0x000000008d500000, 0x000000008d500000|100%| O|  |TAMS 0x000000008d500000| PB 0x000000008d400000| Untracked |  0
|  19|0x000000008d500000, 0x000000008d600000, 0x000000008d600000|100%| O|  |TAMS 0x000000008d600000| PB 0x000000008d500000| Untracked |  0
|  20|0x000000008d600000, 0x000000008d700000, 0x000000008d700000|100%| O|  |TAMS 0x000000008d700000| PB 0x000000008d600000| Untracked |  0
|  21|0x000000008d700000, 0x000000008d800000, 0x000000008d800000|100%| O|  |TAMS 0x000000008d800000| PB 0x000000008d700000| Untracked |  0
|  22|0x000000008d800000, 0x000000008d900000, 0x000000008d900000|100%| O|  |TAMS 0x000000008d900000| PB 0x000000008d800000| Untracked |  0
|  23|0x000000008d900000, 0x000000008da00000, 0x000000008da00000|100%| O|  |TAMS 0x000000008da00000| PB 0x000000008d900000| Untracked |  0
|  24|0x000000008da00000, 0x000000008db00000, 0x000000008db00000|100%| O|  |TAMS 0x000000008db00000| PB 0x000000008da00000| Untracked |  0
|  25|0x000000008db00000, 0x000000008dc00000, 0x000000008dc00000|100%| O|  |TAMS 0x000000008dc00000| PB 0x000000008db00000| Untracked |  0
|  26|0x000000008dc00000, 0x000000008dd00000, 0x000000008dd00000|100%| O|  |TAMS 0x000000008dd00000| PB 0x000000008dc00000| Untracked |  0
|  27|0x000000008dd00000, 0x000000008de00000, 0x000000008de00000|100%| O|  |TAMS 0x000000008de00000| PB 0x000000008dd00000| Untracked |  0
|  28|0x000000008de00000, 0x000000008de00000, 0x000000008df00000|  0%| F|  |TAMS 0x000000008de00000| PB 0x000000008de00000| Untracked |  0
|  29|0x000000008df00000, 0x000000008e000000, 0x000000008e000000|100%| O|  |TAMS 0x000000008e000000| PB 0x000000008df00000| Untracked |  0
|  30|0x000000008e000000, 0x000000008e100000, 0x000000008e100000|100%| O|  |TAMS 0x000000008e100000| PB 0x000000008e000000| Untracked |  0
|  31|0x000000008e100000, 0x000000008e200000, 0x000000008e200000|100%| O|  |TAMS 0x000000008e200000| PB 0x000000008e100000| Untracked |  0
|  32|0x000000008e200000, 0x000000008e200000, 0x000000008e300000|  0%| F|  |TAMS 0x000000008e200000| PB 0x000000008e200000| Untracked |  0
|  33|0x000000008e300000, 0x000000008e300000, 0x000000008e400000|  0%| F|  |TAMS 0x000000008e300000| PB 0x000000008e300000| Untracked |  0
|  34|0x000000008e400000, 0x000000008e4f5ff8, 0x000000008e500000| 96%| S|CS|TAMS 0x000000008e400000| PB 0x000000008e400000| Complete |  0
|  35|0x000000008e500000, 0x000000008e600000, 0x000000008e600000|100%| O|  |TAMS 0x000000008e600000| PB 0x000000008e500000| Untracked |  0
|  36|0x000000008e600000, 0x000000008e700000, 0x000000008e700000|100%| O|  |TAMS 0x000000008e700000| PB 0x000000008e600000| Untracked |  0
|  37|0x000000008e700000, 0x000000008e800000, 0x000000008e800000|100%| O|  |TAMS 0x000000008e800000| PB 0x000000008e700000| Untracked |  0
|  38|0x000000008e800000, 0x000000008e900000, 0x000000008e900000|100%| O|  |TAMS 0x000000008e900000| PB 0x000000008e800000| Untracked |  0
|  39|0x000000008e900000, 0x000000008ea00000, 0x000000008ea00000|100%| O|  |TAMS 0x000000008ea00000| PB 0x000000008e900000| Untracked |  0
|  40|0x000000008ea00000, 0x000000008eb00000, 0x000000008eb00000|100%| O|  |TAMS 0x000000008eb00000| PB 0x000000008ea00000| Untracked |  0
|  41|0x000000008eb00000, 0x000000008ec00000, 0x000000008ec00000|100%| S|CS|TAMS 0x000000008eb00000| PB 0x000000008eb00000| Complete |  0
|  42|0x000000008ec00000, 0x000000008ec00000, 0x000000008ed00000|  0%| F|  |TAMS 0x000000008ec00000| PB 0x000000008ec00000| Untracked |  0
|  43|0x000000008ed00000, 0x000000008ed00000, 0x000000008ee00000|  0%| F|  |TAMS 0x000000008ed00000| PB 0x000000008ed00000| Untracked |  0
|  44|0x000000008ee00000, 0x000000008ee00000, 0x000000008ef00000|  0%| F|  |TAMS 0x000000008ee00000| PB 0x000000008ee00000| Untracked |  0
|  45|0x000000008ef00000, 0x000000008ef00000, 0x000000008f000000|  0%| F|  |TAMS 0x000000008ef00000| PB 0x000000008ef00000| Untracked |  0
|  46|0x000000008f000000, 0x000000008f000000, 0x000000008f100000|  0%| F|  |TAMS 0x000000008f000000| PB 0x000000008f000000| Untracked |  0
|  47|0x000000008f100000, 0x000000008f100000, 0x000000008f200000|  0%| F|  |TAMS 0x000000008f100000| PB 0x000000008f100000| Untracked |  0
|  48|0x000000008f200000, 0x000000008f200000, 0x000000008f300000|  0%| F|  |TAMS 0x000000008f200000| PB 0x000000008f200000| Untracked |  0
|  49|0x000000008f300000, 0x000000008f300000, 0x000000008f400000|  0%| F|  |TAMS 0x000000008f300000| PB 0x000000008f300000| Untracked |  0
|  50|0x000000008f400000, 0x000000008f400000, 0x000000008f500000|  0%| F|  |TAMS 0x000000008f400000| PB 0x000000008f400000| Untracked |  0
|  51|0x000000008f500000, 0x000000008f500000, 0x000000008f600000|  0%| F|  |TAMS 0x000000008f500000| PB 0x000000008f500000| Untracked |  0
|  52|0x000000008f600000, 0x000000008f600000, 0x000000008f700000|  0%| F|  |TAMS 0x000000008f600000| PB 0x000000008f600000| Untracked |  0
|  53|0x000000008f700000, 0x000000008f700000, 0x000000008f800000|  0%| F|  |TAMS 0x000000008f700000| PB 0x000000008f700000| Untracked |  0
|  54|0x000000008f800000, 0x000000008f800000, 0x000000008f900000|  0%| F|  |TAMS 0x000000008f800000| PB 0x000000008f800000| Untracked |  0
|  55|0x000000008f900000, 0x000000008f900000, 0x000000008fa00000|  0%| F|  |TAMS 0x000000008f900000| PB 0x000000008f900000| Untracked |  0
|  56|0x000000008fa00000, 0x000000008fa00000, 0x000000008fb00000|  0%| F|  |TAMS 0x000000008fa00000| PB 0x000000008fa00000| Untracked |  0
|  57|0x000000008fb00000, 0x000000008fb00000, 0x000000008fc00000|  0%| F|  |TAMS 0x000000008fb00000| PB 0x000000008fb00000| Untracked |  0
|  58|0x000000008fc00000, 0x000000008fc00000, 0x000000008fd00000|  0%| F|  |TAMS 0x000000008fc00000| PB 0x000000008fc00000| Untracked |  0
|  59|0x000000008fd00000, 0x000000008fd00000, 0x000000008fe00000|  0%| F|  |TAMS 0x000000008fd00000| PB 0x000000008fd00000| Untracked |  0
|  60|0x000000008fe00000, 0x000000008fe00000, 0x000000008ff00000|  0%| F|  |TAMS 0x000000008fe00000| PB 0x000000008fe00000| Untracked |  0
|  61|0x000000008ff00000, 0x000000008ff00000, 0x0000000090000000|  0%| F|  |TAMS 0x000000008ff00000| PB 0x000000008ff00000| Untracked |  0
|  62|0x0000000090000000, 0x0000000090000000, 0x0000000090100000|  0%| F|  |TAMS 0x0000000090000000| PB 0x0000000090000000| Untracked |  0
|  63|0x0000000090100000, 0x0000000090100000, 0x0000000090200000|  0%| F|  |TAMS 0x0000000090100000| PB 0x0000000090100000| Untracked |  0
|  64|0x0000000090200000, 0x0000000090200000, 0x0000000090300000|  0%| F|  |TAMS 0x0000000090200000| PB 0x0000000090200000| Untracked |  0
| 115|0x0000000093500000, 0x000000009355cda0, 0x0000000093600000| 36%| E|  |TAMS 0x0000000093500000| PB 0x0000000093500000| Complete |  0
|1853|0x00000000fff00000, 0x0000000100000000, 0x0000000100000000|100%| O|  |TAMS 0x0000000100000000| PB 0x00000000fff00000| Untracked |  0

Card table byte_map: [0x00000243bbc60000,0x00000243bc000000] _byte_map_base: 0x00000243bb7ff000

Marking Bits: (CMBitMap*) 0x00000243b04b7e30
 Bits: [0x00000243bc000000, 0x00000243bdcf8000)

Polling page: 0x00000243ae390000

Metaspace:

Usage:
  Non-class:     62.30 MB used.
      Class:     10.75 MB used.
       Both:     73.05 MB used.

Virtual space:
  Non-class space:       64.00 MB reserved,      62.69 MB ( 98%) committed,  1 nodes.
      Class space:        1.00 GB reserved,      11.06 MB (  1%) committed,  1 nodes.
             Both:        1.06 GB reserved,      73.75 MB (  7%) committed. 

Chunk freelists:
   Non-Class:  1.20 MB
       Class:  4.90 MB
        Both:  6.10 MB

MaxMetaspaceSize: unlimited
CompressedClassSpaceSize: 1.00 GB
Initial GC threshold: 21.00 MB
Current GC threshold: 122.50 MB
CDS: on
 - commit_granule_bytes: 65536.
 - commit_granule_words: 8192.
 - virtual_space_node_default_size: 8388608.
 - enlarge_chunks_in_place: 1.
 - use_allocation_guard: 0.


Internal statistics:

num_allocs_failed_limit: 6.
num_arena_births: 1110.
num_arena_deaths: 342.
num_vsnodes_births: 2.
num_vsnodes_deaths: 0.
num_space_committed: 1180.
num_space_uncommitted: 0.
num_chunks_returned_to_freelist: 394.
num_chunks_taken_from_freelist: 3867.
num_chunk_merges: 94.
num_chunk_splits: 2671.
num_chunks_enlarged: 2099.
num_inconsistent_stats: 0.

CodeCache: size=49152Kb used=13059Kb max_used=13550Kb free=36092Kb
 bounds [0x00000243b87a0000, 0x00000243b9530000, 0x00000243bb7a0000]
 total_blobs=8199 nmethods=7422 adapters=701
 compilation: enabled
              stopped_count=0, restarted_count=0
 full_count=0

Compilation events (20 events):
Event: 4740.527 Thread 0x00000243c0768da0 7526   !   1       org.apache.tomcat.util.http.parser.HttpParser::isHttpProtocol (9 bytes)
Event: 4740.527 Thread 0x00000243c0768da0 nmethod 7526 0x00000243b9456910 code [0x00000243b9456aa0, 0x00000243b9456bc8]
Event: 4740.527 Thread 0x00000243c0768da0 7527       1       org.apache.tomcat.util.http.parser.Cookie$ByteBuffer::array (5 bytes)
Event: 4740.527 Thread 0x00000243c0768da0 nmethod 7527 0x00000243b9456610 code [0x00000243b94567a0, 0x00000243b9456868]
Event: 4740.527 Thread 0x00000243c0768da0 7528       1       org.apache.tomcat.util.http.ServerCookie::getName (5 bytes)
Event: 4740.527 Thread 0x00000243c0768da0 nmethod 7528 0x00000243b9456310 code [0x00000243b94564a0, 0x00000243b9456568]
Event: 4740.527 Thread 0x00000243c0768da0 7531       1       org.apache.catalina.core.ApplicationFilterFactory::matchDispatcher (103 bytes)
Event: 4740.528 Thread 0x00000243c0768da0 nmethod 7531 0x00000243b9455d10 code [0x00000243b9455ee0, 0x00000243b9456190]
Event: 4740.528 Thread 0x00000243c0768da0 7532       1       java.nio.charset.CharsetDecoder::onUnmappableCharacter (26 bytes)
Event: 4740.529 Thread 0x00000243c0768da0 nmethod 7532 0x00000243b9455910 code [0x00000243b9455ac0, 0x00000243b9455c80]
Event: 4740.529 Thread 0x00000243c0768da0 7533       1       java.nio.charset.CharsetDecoder::onMalformedInput (26 bytes)
Event: 4740.529 Thread 0x00000243c0768da0 nmethod 7533 0x00000243b9455510 code [0x00000243b94556c0, 0x00000243b9455880]
Event: 4740.529 Thread 0x00000243c0768da0 7529       1       org.apache.tomcat.util.buf.MessageBytes::getCharChunk (5 bytes)
Event: 4740.529 Thread 0x00000243c0768da0 nmethod 7529 0x00000243b9455210 code [0x00000243b94553a0, 0x00000243b9455468]
Event: 4740.529 Thread 0x00000243c0768da0 7530       1       org.apache.tomcat.util.http.ServerCookie::getValue (5 bytes)
Event: 4740.529 Thread 0x00000243c0768da0 nmethod 7530 0x00000243b9454f10 code [0x00000243b94550a0, 0x00000243b9455168]
Event: 4757.328 Thread 0x00000243c0768da0 7534   !   1       org.apache.catalina.core.StandardContext::bind (168 bytes)
Event: 4757.334 Thread 0x00000243c0768da0 nmethod 7534 0x00000243b9453d90 code [0x00000243b9454020, 0x00000243b9454908]
Event: 4757.334 Thread 0x00000243c0768da0 7535   !   1       org.apache.catalina.core.StandardContext::unbind (92 bytes)
Event: 4757.335 Thread 0x00000243c0768da0 nmethod 7535 0x00000243b9453090 code [0x00000243b94532e0, 0x00000243b9453998]

GC Heap History (20 events):
Event: 8.824 GC heap before
{Heap before GC invocations=14 (full 0):
 garbage-first heap   total reserved 1898496K, committed 66560K, used 55749K [0x000000008c200000, 0x0000000100000000)
  region size 1024K, 32 young (32768K), 5 survivors (5120K)
 Metaspace       used 63595K, committed 64320K, reserved 1114112K
  class space    used 9417K, committed 9728K, reserved 1048576K
}
Event: 8.836 GC heap after
{Heap after GC invocations=15 (full 0):
 garbage-first heap   total reserved 1898496K, committed 66560K, used 31946K [0x000000008c200000, 0x0000000100000000)
  region size 1024K, 4 young (4096K), 4 survivors (4096K)
 Metaspace       used 63595K, committed 64320K, reserved 1114112K
  class space    used 9417K, committed 9728K, reserved 1048576K
}
Event: 9.027 GC heap before
{Heap before GC invocations=15 (full 0):
 garbage-first heap   total reserved 1898496K, committed 66560K, used 56522K [0x000000008c200000, 0x0000000100000000)
  region size 1024K, 29 young (29696K), 4 survivors (4096K)
 Metaspace       used 65034K, committed 65728K, reserved 1114112K
  class space    used 9618K, committed 9920K, reserved 1048576K
}
Event: 9.033 GC heap after
{Heap after GC invocations=16 (full 0):
 garbage-first heap   total reserved 1898496K, committed 66560K, used 33160K [0x000000008c200000, 0x0000000100000000)
  region size 1024K, 1 young (1024K), 1 survivors (1024K)
 Metaspace       used 65034K, committed 65728K, reserved 1114112K
  class space    used 9618K, committed 9920K, reserved 1048576K
}
Event: 9.375 GC heap before
{Heap before GC invocations=16 (full 0):
 garbage-first heap   total reserved 1898496K, committed 66560K, used 58760K [0x000000008c200000, 0x0000000100000000)
  region size 1024K, 26 young (26624K), 1 survivors (1024K)
 Metaspace       used 66241K, committed 66944K, reserved 1114112K
  class space    used 9798K, committed 10112K, reserved 1048576K
}
Event: 9.379 GC heap after
{Heap after GC invocations=17 (full 0):
 garbage-first heap   total reserved 1898496K, committed 66560K, used 34709K [0x000000008c200000, 0x0000000100000000)
  region size 1024K, 3 young (3072K), 3 survivors (3072K)
 Metaspace       used 66241K, committed 66944K, reserved 1114112K
  class space    used 9798K, committed 10112K, reserved 1048576K
}
Event: 13.283 GC heap before
{Heap before GC invocations=18 (full 0):
 garbage-first heap   total reserved 1898496K, committed 66560K, used 57237K [0x000000008c200000, 0x0000000100000000)
  region size 1024K, 26 young (26624K), 3 survivors (3072K)
 Metaspace       used 68632K, committed 69376K, reserved 1114112K
  class space    used 10169K, committed 10496K, reserved 1048576K
}
Event: 13.290 GC heap after
{Heap after GC invocations=19 (full 0):
 garbage-first heap   total reserved 1898496K, committed 66560K, used 35965K [0x000000008c200000, 0x0000000100000000)
  region size 1024K, 4 young (4096K), 4 survivors (4096K)
 Metaspace       used 68632K, committed 69376K, reserved 1114112K
  class space    used 10169K, committed 10496K, reserved 1048576K
}
Event: 20.879 GC heap before
{Heap before GC invocations=19 (full 0):
 garbage-first heap   total reserved 1898496K, committed 66560K, used 56445K [0x000000008c200000, 0x0000000100000000)
  region size 1024K, 25 young (25600K), 4 survivors (4096K)
 Metaspace       used 73171K, committed 73920K, reserved 1114112K
  class space    used 10793K, committed 11136K, reserved 1048576K
}
Event: 20.890 GC heap after
{Heap after GC invocations=20 (full 0):
 garbage-first heap   total reserved 1898496K, committed 66560K, used 37686K [0x000000008c200000, 0x0000000100000000)
  region size 1024K, 3 young (3072K), 3 survivors (3072K)
 Metaspace       used 73171K, committed 73920K, reserved 1114112K
  class space    used 10793K, committed 11136K, reserved 1048576K
}
Event: 312.106 GC heap before
{Heap before GC invocations=20 (full 0):
 garbage-first heap   total reserved 1898496K, committed 66560K, used 58166K [0x000000008c200000, 0x0000000100000000)
  region size 1024K, 23 young (23552K), 3 survivors (3072K)
 Metaspace       used 74532K, committed 75264K, reserved 1114112K
  class space    used 10995K, committed 11328K, reserved 1048576K
}
Event: 312.116 GC heap after
{Heap after GC invocations=21 (full 0):
 garbage-first heap   total reserved 1898496K, committed 66560K, used 38501K [0x000000008c200000, 0x0000000100000000)
  region size 1024K, 1 young (1024K), 1 survivors (1024K)
 Metaspace       used 74532K, committed 75264K, reserved 1114112K
  class space    used 10995K, committed 11328K, reserved 1048576K
}
Event: 814.286 GC heap before
{Heap before GC invocations=22 (full 0):
 garbage-first heap   total reserved 1898496K, committed 66560K, used 60005K [0x000000008c200000, 0x0000000100000000)
  region size 1024K, 22 young (22528K), 1 survivors (1024K)
 Metaspace       used 74229K, committed 75264K, reserved 1114112K
  class space    used 10910K, committed 11328K, reserved 1048576K
}
Event: 814.292 GC heap after
{Heap after GC invocations=23 (full 0):
 garbage-first heap   total reserved 1898496K, committed 66560K, used 38361K [0x000000008c200000, 0x0000000100000000)
  region size 1024K, 1 young (1024K), 1 survivors (1024K)
 Metaspace       used 74229K, committed 75264K, reserved 1114112K
  class space    used 10910K, committed 11328K, reserved 1048576K
}
Event: 3770.371 GC heap before
{Heap before GC invocations=23 (full 0):
 garbage-first heap   total reserved 1898496K, committed 66560K, used 60889K [0x000000008c200000, 0x0000000100000000)
  region size 1024K, 23 young (23552K), 1 survivors (1024K)
 Metaspace       used 74262K, committed 75328K, reserved 1114112K
  class space    used 10918K, committed 11328K, reserved 1048576K
}
Event: 3770.441 GC heap after
{Heap after GC invocations=24 (full 0):
 garbage-first heap   total reserved 1898496K, committed 68608K, used 36715K [0x000000008c200000, 0x0000000100000000)
  region size 1024K, 2 young (2048K), 2 survivors (2048K)
 Metaspace       used 74262K, committed 75328K, reserved 1114112K
  class space    used 10918K, committed 11328K, reserved 1048576K
}
Event: 4331.195 GC heap before
{Heap before GC invocations=24 (full 0):
 garbage-first heap   total reserved 1898496K, committed 68608K, used 61291K [0x000000008c200000, 0x0000000100000000)
  region size 1024K, 26 young (26624K), 2 survivors (2048K)
 Metaspace       used 74263K, committed 75328K, reserved 1114112K
  class space    used 10918K, committed 11328K, reserved 1048576K
}
Event: 4331.207 GC heap after
{Heap after GC invocations=25 (full 0):
 garbage-first heap   total reserved 1898496K, committed 68608K, used 36240K [0x000000008c200000, 0x0000000100000000)
  region size 1024K, 2 young (2048K), 2 survivors (2048K)
 Metaspace       used 74263K, committed 75328K, reserved 1114112K
  class space    used 10918K, committed 11328K, reserved 1048576K
}
Event: 4776.643 GC heap before
{Heap before GC invocations=25 (full 0):
 garbage-first heap   total reserved 1898496K, committed 68608K, used 59792K [0x000000008c200000, 0x0000000100000000)
  region size 1024K, 26 young (26624K), 2 survivors (2048K)
 Metaspace       used 74800K, committed 75520K, reserved 1114112K
  class space    used 11010K, committed 11328K, reserved 1048576K
}
Event: 4776.654 GC heap after
{Heap after GC invocations=26 (full 0):
 garbage-first heap   total reserved 1898496K, committed 68608K, used 36993K [0x000000008c200000, 0x0000000100000000)
  region size 1024K, 2 young (2048K), 2 survivors (2048K)
 Metaspace       used 74800K, committed 75520K, reserved 1114112K
  class space    used 11010K, committed 11328K, reserved 1048576K
}

Dll operation events (13 events):
Event: 0.021 Loaded shared library C:\Program Files\Java\jdk-22\bin\java.dll
Event: 0.247 Loaded shared library C:\Program Files\Java\jdk-22\bin\zip.dll
Event: 0.252 Loaded shared library C:\Program Files\Java\jdk-22\bin\instrument.dll
Event: 0.259 Loaded shared library C:\Program Files\Java\jdk-22\bin\net.dll
Event: 0.261 Loaded shared library C:\Program Files\Java\jdk-22\bin\nio.dll
Event: 0.268 Loaded shared library C:\Program Files\Java\jdk-22\bin\zip.dll
Event: 0.454 Loaded shared library C:\Program Files\Java\jdk-22\bin\extnet.dll
Event: 0.511 Loaded shared library C:\Program Files\Java\jdk-22\bin\jimage.dll
Event: 0.889 Loaded shared library C:\Program Files\Java\jdk-22\bin\management.dll
Event: 0.892 Loaded shared library C:\Program Files\Java\jdk-22\bin\management_ext.dll
Event: 2.493 Loaded shared library C:\Program Files\Java\jdk-22\bin\sunmscapi.dll
Event: 3.836 Loaded shared library C:\Program Files\Java\jdk-22\bin\le.dll
Event: 5.493 Loaded shared library C:\Program Files\Java\jdk-22\bin\verify.dll

Deoptimization events (4 events):
Event: 8.051 Thread 0x00000244062de150 DEOPT PACKING pc=0x00000243b8d49794 sp=0x00000093189fc3b0
Event: 8.051 Thread 0x00000244062de150 DEOPT UNPACKING pc=0x00000243b87f4e42 sp=0x00000093189fb908 mode 0
Event: 9.048 Thread 0x00000244062de150 DEOPT PACKING pc=0x00000243b8d9c5b9 sp=0x00000093189fc6d0
Event: 9.048 Thread 0x00000244062de150 DEOPT UNPACKING pc=0x00000243b87f4e42 sp=0x00000093189fbbd8 mode 3

Classes loaded (20 events):
Event: 4725.759 Loading class sun/text/resources/FormatData_en_US
Event: 4725.759 Loading class sun/text/resources/FormatData_en_US done
Event: 4725.759 Loading class sun/util/resources/LocaleData$2
Event: 4725.760 Loading class sun/util/resources/LocaleData$2 done
Event: 4725.760 Loading class sun/util/resources/LocaleData$SupplementaryStrategy
Event: 4725.760 Loading class sun/util/resources/LocaleData$SupplementaryStrategy done
Event: 4725.761 Loading class sun/text/resources/JavaTimeSupplementary
Event: 4725.762 Loading class sun/text/resources/JavaTimeSupplementary done
Event: 4725.763 Loading class sun/text/resources/JavaTimeSupplementary_en
Event: 4725.764 Loading class sun/text/resources/JavaTimeSupplementary_en done
Event: 4725.764 Loading class sun/text/resources/JavaTimeSupplementary_en_US
Event: 4725.765 Loading class sun/text/resources/JavaTimeSupplementary_en_US done
Event: 4725.765 Loading class sun/util/resources/ParallelListResourceBundle$KeySet
Event: 4725.765 Loading class sun/util/resources/ParallelListResourceBundle$KeySet done
Event: 4725.768 Loading class sun/util/locale/provider/CalendarDataUtility$CalendarFieldValueNameGetter
Event: 4725.769 Loading class sun/util/locale/provider/CalendarDataUtility$CalendarFieldValueNameGetter done
Event: 4740.457 Loading class java/lang/StringEditor
Event: 4740.457 Loading class java/lang/StringEditor done
Event: 4740.487 Loading class java/math/BigDecimalEditor
Event: 4740.487 Loading class java/math/BigDecimalEditor done

Classes unloaded (20 events):
Event: 312.164 Thread 0x00000243c072da80 Unloading class 0x00000243c203cc00 'java/lang/invoke/LambdaForm$MH+0x00000243c203cc00'
Event: 312.164 Thread 0x00000243c072da80 Unloading class 0x00000243c203c400 'java/lang/invoke/LambdaForm$MH+0x00000243c203c400'
Event: 312.164 Thread 0x00000243c072da80 Unloading class 0x00000243c201b800 'java/lang/invoke/LambdaForm$MH+0x00000243c201b800'
Event: 312.164 Thread 0x00000243c072da80 Unloading class 0x00000243c201b000 'java/lang/invoke/LambdaForm$MH+0x00000243c201b000'
Event: 312.164 Thread 0x00000243c072da80 Unloading class 0x00000243c201a800 'java/lang/invoke/LambdaForm$MH+0x00000243c201a800'
Event: 312.164 Thread 0x00000243c072da80 Unloading class 0x00000243c201a400 'java/lang/invoke/LambdaForm$MH+0x00000243c201a400'
Event: 312.164 Thread 0x00000243c072da80 Unloading class 0x00000243c2019400 'java/lang/invoke/LambdaForm$MH+0x00000243c2019400'
Event: 312.164 Thread 0x00000243c072da80 Unloading class 0x00000243c2018800 'java/lang/invoke/LambdaForm$MH+0x00000243c2018800'
Event: 312.164 Thread 0x00000243c072da80 Unloading class 0x00000243c2018400 'java/lang/invoke/LambdaForm$MH+0x00000243c2018400'
Event: 312.164 Thread 0x00000243c072da80 Unloading class 0x00000243c2017c00 'java/lang/invoke/LambdaForm$MH+0x00000243c2017c00'
Event: 312.164 Thread 0x00000243c072da80 Unloading class 0x00000243c2017800 'java/lang/invoke/LambdaForm$MH+0x00000243c2017800'
Event: 312.164 Thread 0x00000243c072da80 Unloading class 0x00000243c2017400 'java/lang/invoke/LambdaForm$MH+0x00000243c2017400'
Event: 312.164 Thread 0x00000243c072da80 Unloading class 0x00000243c2016400 'java/lang/invoke/LambdaForm$MH+0x00000243c2016400'
Event: 312.164 Thread 0x00000243c072da80 Unloading class 0x00000243c2015400 'java/lang/invoke/LambdaForm$MH+0x00000243c2015400'
Event: 312.164 Thread 0x00000243c072da80 Unloading class 0x00000243c2014c00 'java/lang/invoke/LambdaForm$MH+0x00000243c2014c00'
Event: 312.164 Thread 0x00000243c072da80 Unloading class 0x00000243c2014400 'java/lang/invoke/LambdaForm$MH+0x00000243c2014400'
Event: 312.164 Thread 0x00000243c072da80 Unloading class 0x00000243c2002400 'java/lang/invoke/LambdaForm$MH+0x00000243c2002400'
Event: 312.164 Thread 0x00000243c072da80 Unloading class 0x00000243c2002000 'java/lang/invoke/LambdaForm$MH+0x00000243c2002000'
Event: 312.164 Thread 0x00000243c072da80 Unloading class 0x00000243c2001c00 'java/lang/invoke/LambdaForm$MH+0x00000243c2001c00'
Event: 312.164 Thread 0x00000243c072da80 Unloading class 0x00000243c2001400 'java/lang/invoke/LambdaForm$MH+0x00000243c2001400'

Classes redefined (0 events):
No events

Internal exceptions (20 events):
Event: 8.101 Thread 0x00000244062de150 Exception <a 'java/lang/IncompatibleClassChangeError'{0x000000008f87ec30}: Found class java.lang.Object, but interface was expected> (0x000000008f87ec30) 
thrown [s\open\src\hotspot\share\interpreter\linkResolver.cpp, line 841]
Event: 8.216 Thread 0x00000244062de150 Exception <a 'java/lang/IncompatibleClassChangeError'{0x000000008e9634d0}: Found class java.lang.Object, but interface was expected> (0x000000008e9634d0) 
thrown [s\open\src\hotspot\share\interpreter\linkResolver.cpp, line 841]
Event: 9.194 Thread 0x00000244062de150 Exception <a 'java/lang/NoSuchMethodError'{0x000000008f154718}: 'java.lang.Object java.lang.invoke.DirectMethodHandle$Holder.invokeInterface(java.lang.Object, java.lang.Object, java.lang.Object, java.lang.Object)'> (0x000000008f154718) 
thrown [s\open\src\hotspot\share\interpreter\linkResolver.cpp, line 774]
Event: 9.245 Thread 0x00000244062de150 Exception <a 'java/lang/NoSuchMethodError'{0x000000008ef66c50}: 'java.lang.Object java.lang.invoke.DirectMethodHandle$Holder.newInvokeSpecial(java.lang.Object, java.lang.Object, java.lang.Object, java.lang.Object, java.lang.Object, java.lang.Object, java.lang.Object, java.lang.Object)'> (0x000000008ef66c50) 
thrown [s\open\src\hotspot\share\interpreter\linkResolver.cpp, line 774]
Event: 9.538 Thread 0x00000244062de150 Exception <a 'java/lang/IncompatibleClassChangeError'{0x000000008fc45cf0}: Found class java.lang.Object, but interface was expected> (0x000000008fc45cf0) 
thrown [s\open\src\hotspot\share\interpreter\linkResolver.cpp, line 841]
Event: 9.582 Thread 0x00000244062de150 Exception <a 'java/lang/NoSuchMethodError'{0x000000008fa01ae8}: 'void java.lang.invoke.DirectMethodHandle$Holder.invokeVirtual(java.lang.Object, java.lang.Object, long)'> (0x000000008fa01ae8) 
thrown [s\open\src\hotspot\share\interpreter\linkResolver.cpp, line 774]
Event: 9.662 Thread 0x00000244062de150 Exception <a 'java/lang/NoSuchMethodError'{0x000000008f77c6a0}: 'int java.lang.invoke.DirectMethodHandle$Holder.invokeStaticInit(java.lang.Object, java.lang.Object, java.lang.Object, java.lang.Object)'> (0x000000008f77c6a0) 
thrown [s\open\src\hotspot\share\interpreter\linkResolver.cpp, line 774]
Event: 9.727 Thread 0x00000244062de150 Exception <a 'java/lang/IncompatibleClassChangeError'{0x000000008f409878}: Found class java.lang.Object, but interface was expected> (0x000000008f409878) 
thrown [s\open\src\hotspot\share\interpreter\linkResolver.cpp, line 841]
Event: 9.870 Thread 0x00000244062de150 Exception <a 'java/lang/NoSuchMethodError'{0x000000008ef6d748}: 'java.lang.Object java.lang.invoke.DirectMethodHandle$Holder.newInvokeSpecial(java.lang.Object, java.lang.Object, int, java.lang.Object, java.lang.Object)'> (0x000000008ef6d748) 
thrown [s\open\src\hotspot\share\interpreter\linkResolver.cpp, line 774]
Event: 9.871 Thread 0x00000244062de150 Exception <a 'java/lang/NoSuchMethodError'{0x000000008ef784e8}: 'java.lang.Object java.lang.invoke.DirectMethodHandle$Holder.invokeSpecial(java.lang.Object, java.lang.Object, int, java.lang.Object, int, java.lang.Object)'> (0x000000008ef784e8) 
thrown [s\open\src\hotspot\share\interpreter\linkResolver.cpp, line 774]
Event: 9.871 Thread 0x00000244062de150 Exception <a 'java/lang/NoSuchMethodError'{0x000000008ef7faa8}: 'java.lang.Object java.lang.invoke.DirectMethodHandle$Holder.newInvokeSpecial(java.lang.Object, java.lang.Object, int, java.lang.Object, int)'> (0x000000008ef7faa8) 
thrown [s\open\src\hotspot\share\interpreter\linkResolver.cpp, line 774]
Event: 9.871 Thread 0x00000244062de150 Exception <a 'java/lang/NoSuchMethodError'{0x000000008ef839a8}: 'java.lang.Object java.lang.invoke.DirectMethodHandle$Holder.invokeSpecial(java.lang.Object, java.lang.Object, java.lang.Object, int, java.lang.Object, int)'> (0x000000008ef839a8) 
thrown [s\open\src\hotspot\share\interpreter\linkResolver.cpp, line 774]
Event: 13.313 Thread 0x00000244091baf20 Exception <a 'java/lang/NoSuchMethodError'{0x00000000935d28d8}: 'java.lang.Object java.lang.invoke.DirectMethodHandle$Holder.invokeSpecial(java.lang.Object, java.lang.Object, java.lang.Object, java.lang.Object, java.lang.Object, long)'> (0x00000000935d28d8) 
thrown [s\open\src\hotspot\share\interpreter\linkResolver.cpp, line 774]
Event: 13.314 Thread 0x00000244091baf20 Exception <a 'java/lang/NoSuchMethodError'{0x00000000935d60a8}: 'java.lang.Object java.lang.invoke.Invokers$Holder.linkToTargetMethod(java.lang.Object, java.lang.Object, java.lang.Object, long, java.lang.Object)'> (0x00000000935d60a8) 
thrown [s\open\src\hotspot\share\interpreter\linkResolver.cpp, line 774]
Event: 14.083 Thread 0x00000244091b7aa0 Exception <a 'java/lang/NoSuchMethodError'{0x000000008f094e68}: 'java.lang.Object java.lang.invoke.DirectMethodHandle$Holder.invokeStatic(java.lang.Object, int, int)'> (0x000000008f094e68) 
thrown [s\open\src\hotspot\share\interpreter\linkResolver.cpp, line 774]
Event: 20.942 Thread 0x00000244091b6d80 Exception <a 'java/lang/NoSuchMethodError'{0x00000000901ffee8}: 'void java.lang.invoke.DirectMethodHandle$Holder.invokeSpecialIFC(java.lang.Object, java.lang.Object, int, java.lang.Object, java.lang.Object, java.lang.Object, java.lang.Object)'> (0x00000000901ffee8) 
thrown [s\open\src\hotspot\share\interpreter\linkResolver.cpp, line 774]
Event: 21.047 Thread 0x00000244091b8130 Exception <a 'java/lang/NoSuchMethodError'{0x000000008fe7b2c0}: 'void java.lang.invoke.Invokers$Holder.invokeExact_MT(java.lang.Object, java.lang.Object, int, java.lang.Object)'> (0x000000008fe7b2c0) 
thrown [s\open\src\hotspot\share\interpreter\linkResolver.cpp, line 774]
Event: 21.048 Thread 0x00000244091b8130 Exception <a 'java/lang/IncompatibleClassChangeError'{0x000000008fe83d28}: Found class java.lang.Object, but interface was expected> (0x000000008fe83d28) 
thrown [s\open\src\hotspot\share\interpreter\linkResolver.cpp, line 841]
Event: 3608.935 Thread 0x00000244091b66f0 Exception <a 'java/io/IOException'{0x000000008f874da8}> (0x000000008f874da8) 
thrown [s\open\src\hotspot\share\prims\jni.cpp, line 520]
Event: 3608.943 Thread 0x00000244091b66f0 Exception <a 'java/io/IOException'{0x000000008f876248}> (0x000000008f876248) 
thrown [s\open\src\hotspot\share\prims\jni.cpp, line 520]

ZGC Phase Switch (0 events):
No events

VM Operations (20 events):
Event: 3825.895 Executing VM operation: RendezvousGCThreads
Event: 3825.895 Executing VM operation: RendezvousGCThreads done
Event: 3886.058 Executing VM operation: HandshakeAllThreads (HandshakeForDeflation)
Event: 3886.058 Executing VM operation: HandshakeAllThreads (HandshakeForDeflation) done
Event: 3886.058 Executing VM operation: RendezvousGCThreads
Event: 3886.058 Executing VM operation: RendezvousGCThreads done
Event: 4331.194 Executing VM operation: G1CollectForAllocation (G1 Evacuation Pause)
Event: 4331.207 Executing VM operation: G1CollectForAllocation (G1 Evacuation Pause) done
Event: 4708.710 Executing VM operation: Cleanup
Event: 4708.710 Executing VM operation: Cleanup done
Event: 4725.884 Executing VM operation: Cleanup
Event: 4725.884 Executing VM operation: Cleanup done
Event: 4727.973 Executing VM operation: HandshakeAllThreads (HandshakeForDeflation)
Event: 4727.973 Executing VM operation: HandshakeAllThreads (HandshakeForDeflation) done
Event: 4727.973 Executing VM operation: RendezvousGCThreads
Event: 4727.973 Executing VM operation: RendezvousGCThreads done
Event: 4741.096 Executing VM operation: Cleanup
Event: 4741.096 Executing VM operation: Cleanup done
Event: 4776.643 Executing VM operation: G1CollectForAllocation (G1 Evacuation Pause)
Event: 4776.654 Executing VM operation: G1CollectForAllocation (G1 Evacuation Pause) done

Events (20 events):
Event: 312.182 Thread 0x00000243c072da80 flushing nmethod 0x00000243b8fc5910
Event: 312.182 Thread 0x00000243c072da80 flushing nmethod 0x00000243b930cd10
Event: 312.182 Thread 0x00000243c072da80 flushing nmethod 0x00000243b8d9ad10
Event: 312.182 Thread 0x00000243c072da80 flushing nmethod 0x00000243b8ff3710
Event: 312.182 Thread 0x00000243c072da80 flushing nmethod 0x00000243b92bc310
Event: 312.182 Thread 0x00000243c072da80 flushing nmethod 0x00000243b92f2b90
Event: 312.182 Thread 0x00000243c072da80 flushing nmethod 0x00000243b9366790
Event: 312.182 Thread 0x00000243c072da80 flushing nmethod 0x00000243b92eaa90
Event: 312.182 Thread 0x00000243c072da80 flushing nmethod 0x00000243b92ed510
Event: 312.182 Thread 0x00000243c072da80 flushing nmethod 0x00000243b9370a90
Event: 3608.830 Thread 0x00000244091b66f0 Thread added: 0x00000244091b66f0
Event: 3608.836 Thread 0x00000244091b7410 Thread added: 0x00000244091b7410
Event: 3609.271 Thread 0x0000024406c10a80 Thread added: 0x0000024406c10a80
Event: 3613.979 Thread 0x00000244091b66f0 Thread exited: 0x00000244091b66f0
Event: 3614.400 Thread 0x0000024406c10a80 Thread exited: 0x0000024406c10a80
Event: 3614.431 Thread 0x00000244091b7410 Thread exited: 0x00000244091b7410
Event: 3770.493 Thread 0x0000024406c10a80 Thread added: 0x0000024406c10a80
Event: 3775.499 Thread 0x0000024406c10a80 Thread exited: 0x0000024406c10a80
Event: 4725.685 Thread 0x0000024406c10a80 Thread added: 0x0000024406c10a80
Event: 4730.828 Thread 0x0000024406c10a80 Thread exited: 0x0000024406c10a80


Dynamic libraries:
0x00007ff660bf0000 - 0x00007ff660c00000 	C:\Program Files\Java\jdk-22\bin\java.exe
0x00007ff91c8d0000 - 0x00007ff91cae7000 	C:\Windows\SYSTEM32\ntdll.dll
0x00007ff91a5f0000 - 0x00007ff91a6b4000 	C:\Windows\System32\KERNEL32.DLL
0x00007ff919d20000 - 0x00007ff91a0f3000 	C:\Windows\System32\KERNELBASE.dll
0x00007ff91a330000 - 0x00007ff91a441000 	C:\Windows\System32\ucrtbase.dll
0x00007ff914c70000 - 0x00007ff914c8b000 	C:\Program Files\Java\jdk-22\bin\VCRUNTIME140.dll
0x00007ff914c50000 - 0x00007ff914c67000 	C:\Program Files\Java\jdk-22\bin\jli.dll
0x00007ff91c6c0000 - 0x00007ff91c771000 	C:\Windows\System32\ADVAPI32.dll
0x00007ff91af10000 - 0x00007ff91afb7000 	C:\Windows\System32\msvcrt.dll
0x00007ff91c430000 - 0x00007ff91c4d8000 	C:\Windows\System32\sechost.dll
0x00007ff91a540000 - 0x00007ff91a568000 	C:\Windows\System32\bcrypt.dll
0x00007ff91c500000 - 0x00007ff91c618000 	C:\Windows\System32\RPCRT4.dll
0x00007ff91b880000 - 0x00007ff91ba32000 	C:\Windows\System32\USER32.dll
0x00007ff91a510000 - 0x00007ff91a536000 	C:\Windows\System32\win32u.dll
0x00007ff907330000 - 0x00007ff9075cc000 	C:\Windows\WinSxS\amd64_microsoft.windows.common-controls_6595b64144ccf1df_6.0.22621.5983_none_2714a6b37381578e\COMCTL32.dll
0x00007ff91bab0000 - 0x00007ff91bad9000 	C:\Windows\System32\GDI32.dll
0x00007ff91a200000 - 0x00007ff91a323000 	C:\Windows\System32\gdi32full.dll
0x00007ff9199d0000 - 0x00007ff919a6a000 	C:\Windows\System32\msvcp_win.dll
0x00007ff9107c0000 - 0x00007ff9107ca000 	C:\Windows\SYSTEM32\VERSION.dll
0x00007ff91c680000 - 0x00007ff91c6b1000 	C:\Windows\System32\IMM32.DLL
0x00007ff9154c0000 - 0x00007ff9154cc000 	C:\Program Files\Java\jdk-22\bin\vcruntime140_1.dll
0x00007ff914bc0000 - 0x00007ff914c4e000 	C:\Program Files\Java\jdk-22\bin\msvcp140.dll
0x00007ff8f24f0000 - 0x00007ff8f3237000 	C:\Program Files\Java\jdk-22\bin\server\jvm.dll
0x00007ff91a570000 - 0x00007ff91a5e1000 	C:\Windows\System32\WS2_32.dll
0x00007ff919640000 - 0x00007ff91968d000 	C:\Windows\SYSTEM32\POWRPROF.dll
0x00007ff9152a0000 - 0x00007ff9152d4000 	C:\Windows\SYSTEM32\WINMM.dll
0x00007ff919430000 - 0x00007ff919443000 	C:\Windows\SYSTEM32\UMPDC.dll
0x00007ff9189a0000 - 0x00007ff9189b8000 	C:\Windows\SYSTEM32\kernel.appcore.dll
0x00007ff915410000 - 0x00007ff91541a000 	C:\Program Files\Java\jdk-22\bin\jimage.dll
0x00007ff9139e0000 - 0x00007ff913c13000 	C:\Windows\SYSTEM32\DBGHELP.DLL
0x00007ff91a930000 - 0x00007ff91acc1000 	C:\Windows\System32\combase.dll
0x00007ff91b7a0000 - 0x00007ff91b878000 	C:\Windows\System32\OLEAUT32.dll
0x00007ff906610000 - 0x00007ff906642000 	C:\Windows\SYSTEM32\dbgcore.DLL
0x00007ff91a100000 - 0x00007ff91a17b000 	C:\Windows\System32\bcryptPrimitives.dll
0x00007ff914bb0000 - 0x00007ff914bbf000 	C:\Program Files\Java\jdk-22\bin\instrument.dll
0x00007ff914b90000 - 0x00007ff914bae000 	C:\Program Files\Java\jdk-22\bin\java.dll
0x00007ff91bae0000 - 0x00007ff91c37e000 	C:\Windows\System32\SHELL32.dll
0x00007ff919be0000 - 0x00007ff919d1f000 	C:\Windows\System32\wintypes.dll
0x00007ff91b600000 - 0x00007ff91b7a0000 	C:\Windows\System32\ole32.dll
0x00007ff917870000 - 0x00007ff918188000 	C:\Windows\SYSTEM32\windows.storage.dll
0x00007ff91a820000 - 0x00007ff91a924000 	C:\Windows\System32\SHCORE.dll
0x00007ff91ba40000 - 0x00007ff91baa9000 	C:\Windows\System32\shlwapi.dll
0x00007ff919900000 - 0x00007ff919925000 	C:\Windows\SYSTEM32\profapi.dll
0x00007ff914b40000 - 0x00007ff914b57000 	C:\Program Files\Java\jdk-22\bin\zip.dll
0x00007ff914b80000 - 0x00007ff914b90000 	C:\Program Files\Java\jdk-22\bin\net.dll
0x00007ff918e80000 - 0x00007ff918ee9000 	C:\Windows\system32\mswsock.dll
0x00007ff914b60000 - 0x00007ff914b76000 	C:\Program Files\Java\jdk-22\bin\nio.dll
0x00007ff9135a0000 - 0x00007ff9135a9000 	C:\Program Files\Java\jdk-22\bin\extnet.dll
0x00007ff912f30000 - 0x00007ff912f3a000 	C:\Program Files\Java\jdk-22\bin\management.dll
0x00007ff90d920000 - 0x00007ff90d92b000 	C:\Program Files\Java\jdk-22\bin\management_ext.dll
0x00007ff91c620000 - 0x00007ff91c628000 	C:\Windows\System32\PSAPI.DLL
0x00007ff912f40000 - 0x00007ff912f4e000 	C:\Program Files\Java\jdk-22\bin\sunmscapi.dll
0x00007ff919a70000 - 0x00007ff919bd8000 	C:\Windows\System32\CRYPT32.dll
0x00007ff919300000 - 0x00007ff91932e000 	C:\Windows\SYSTEM32\ncrypt.dll
0x00007ff9192c0000 - 0x00007ff9192f7000 	C:\Windows\SYSTEM32\NTASN1.dll
0x00007ff90d8f0000 - 0x00007ff90d8fb000 	C:\Program Files\Java\jdk-22\bin\le.dll
0x00007ff9190d0000 - 0x00007ff9190eb000 	C:\Windows\SYSTEM32\CRYPTSP.dll
0x00007ff918900000 - 0x00007ff918937000 	C:\Windows\system32\rsaenh.dll
0x00007ff918f70000 - 0x00007ff918f98000 	C:\Windows\SYSTEM32\USERENV.dll
0x00007ff9190f0000 - 0x00007ff9190fc000 	C:\Windows\SYSTEM32\CRYPTBASE.dll
0x00007ff918430000 - 0x00007ff91845d000 	C:\Windows\SYSTEM32\IPHLPAPI.DLL
0x00007ff91b550000 - 0x00007ff91b559000 	C:\Windows\System32\NSI.dll
0x00007ff9184b0000 - 0x00007ff9185a8000 	C:\Windows\SYSTEM32\DNSAPI.dll
0x00007ff9154d0000 - 0x00007ff9154da000 	C:\Windows\System32\rasadhlp.dll
0x00007ff915190000 - 0x00007ff915214000 	C:\Windows\System32\fwpuclnt.dll
0x00007ff90d8c0000 - 0x00007ff90d8d0000 	C:\Program Files\Java\jdk-22\bin\verify.dll
0x00007ff90aaa0000 - 0x00007ff90aaa8000 	C:\Windows\system32\wshunix.dll

dbghelp: loaded successfully - version: 4.0.5 - missing functions: none
symbol engine: initialized successfully - sym options: 0x614 - pdb path: .;C:\Program Files\Java\jdk-22\bin;C:\Windows\SYSTEM32;C:\Windows\WinSxS\amd64_microsoft.windows.common-controls_6595b64144ccf1df_6.0.22621.5983_none_2714a6b37381578e;C:\Program Files\Java\jdk-22\bin\server

VM Arguments:
jvm_args: -XX:TieredStopAtLevel=1 -Dspring.output.ansi.enabled=always -javaagent:D:\intelj\IntelliJ IDEA 2025.3.2\lib\idea_rt.jar=64334 -Dfile.encoding=UTF-8 -Dsun.stdout.encoding=UTF-8 -Dsun.stderr.encoding=UTF-8 
java_command: Arts.Gallery.GalleryApplication
java_class_path (initial): D:\Web\springboot\Gallery\target\classes;C:\Users\BALA\.m2\repository\org\springframework\boot\spring-boot-starter-web\3.2.4\spring-boot-starter-web-3.2.4.jar;C:\Users\BALA\.m2\repository\org\springframework\boot\spring-boot-starter\3.2.4\spring-boot-starter-3.2.4.jar;C:\Users\BALA\.m2\repository\org\springframework\boot\spring-boot-starter-logging\3.2.4\spring-boot-starter-logging-3.2.4.jar;C:\Users\BALA\.m2\repository\ch\qos\logback\logback-classic\1.4.14\logback-classic-1.4.14.jar;C:\Users\BALA\.m2\repository\ch\qos\logback\logback-core\1.4.14\logback-core-1.4.14.jar;C:\Users\BALA\.m2\repository\org\apache\logging\log4j\log4j-to-slf4j\2.21.1\log4j-to-slf4j-2.21.1.jar;C:\Users\BALA\.m2\repository\org\apache\logging\log4j\log4j-api\2.21.1\log4j-api-2.21.1.jar;C:\Users\BALA\.m2\repository\org\slf4j\jul-to-slf4j\2.0.12\jul-to-slf4j-2.0.12.jar;C:\Users\BALA\.m2\repository\jakarta\annotation\jakarta.annotation-api\2.1.1\jakarta.annotation-api-2.1.1.jar;C:\Users\BALA\.m2\repository\org\yaml\snakeyaml\2.2\snakeyaml-2.2.jar;C:\Users\BALA\.m2\repository\org\springframework\boot\spring-boot-starter-json\3.2.4\spring-boot-starter-json-3.2.4.jar;C:\Users\BALA\.m2\repository\com\fasterxml\jackson\core\jackson-databind\2.15.4\jackson-databind-2.15.4.jar;C:\Users\BALA\.m2\repository\com\fasterxml\jackson\core\jackson-annotations\2.15.4\jackson-annotations-2.15.4.jar;C:\Users\BALA\.m2\repository\com\fasterxml\jackson\core\jackson-core\2.15.4\jackson-core-2.15.4.jar;C:\Users\BALA\.m2\repository\com\fasterxml\jackson\datatype\jackson-datatype-jdk8\2.15.4\jackson-datatype-jdk8-2.15.4.jar;C:\Users\BALA\.m2\repository\com\fasterxml\jackson\datatype\jackson-datatype-jsr310\2.15.4\jackson-datatype-jsr310-2.15.4.jar;C:\Users\BALA\.m2\repository\com\fasterxml\jackson\module\jackson-module-parameter-names\2.15.4\jackson-module-parameter-names-2.15.4.jar;C:\Users\BALA\.m2\repository\org\springframework\boot\spring-boot-starter-tomcat\3.2.4\spring-boot-starter-tomcat-3.2.4.jar;C:\Users\BALA\.m2\repository\org\apache\tomcat\embed\tomcat-embed-core\10.1.19\tomcat-embed-core-10.1.19.jar;C:\Users\BALA\.m2\repository\org\apache\tomcat\embed\tomcat-embed-websocket\10.1.19\tomcat-embed-websocket-10.1.19.jar;C:\Users\BALA\.m2\repository\org\springframework\spring-web\6.1.5\spring-web-6.1.5.jar;C:\Users\BALA\.m2\repository\org\springframework\spring-beans\6.1.5\spring-beans-6.1.5.jar;C:\Users\BALA\.m2\repository\io\micrometer\micrometer-observation\1.12.4\micrometer-observation-1.12.4.jar;C:\Users\BALA\.m2\repository\io\micrometer\micrometer-commons\1.12.4\micrometer-commons-1.12.4.jar;C:\Users\BALA\.m2\repository\org\springframework\spring-webmvc\6.1.5\spring-webmvc-6.1.5.jar;C:\Users\BALA\.m2\repository\org\springframework\spring-aop\6.1.5\spring-aop-6.1.5.jar;C:\Users\BALA\.m2\repository\org\springframework\spring-context\6.1.5\spring-context-6.1.5.jar;C:\Users\BALA\.m2\repository\org\springframework\spring-expression\6.1.5\spring-expression-6.1.5.jar;C:\Users\BALA\.m2\repository\org\springframework\boot\spring-boot-starter-thymeleaf\3.2.4\spring-boot-starter-thymeleaf-3.2.4.jar;C:\Users\BALA\.m2\repository\org\thymeleaf\thymeleaf-spring6\3.1.2.RELEASE\thymeleaf-spring6-3.1.2.RELEASE.jar;C:\Users\BALA\.m2\repository\org\thymeleaf\thymeleaf\3.1.2.RELEASE\thymeleaf-3.1.2.RELEASE.jar;C:\Users\BALA\.m2\repository\org\attoparser\attoparser\2.0.7.RELEASE\attoparser-2.0.7.RELEASE.jar;C:\Users\BALA\.m2\repository\org\unbescape\unbescape\1.1.6.RELEASE\unbescape-1.1.6.RELEASE.jar;C:\Users\BALA\.m2\repository\org\slf4j\slf4j-api\2.0.12\slf4j-api-2.0.12.jar;C:\Users\BALA\.m2\repository\com\mysql\mysql-connector-j\8.3.0\mysql-connector-j-8.3.0.jar;C:\Users\BALA\.m2\repository\org\springframework\boot\spring-boot-devtools\3.2.4\spring-boot-devtools-3.2.4.jar;C:\Users\BALA\.m2\repository\org\springframework\boot\spring-boot\3.2.4\spring-boot-3.2.4.jar;C:\Users\BALA\.m2\repository\org\springframework\boot\spring-boot-autoconfigure\3.2.4\spring-boot-autoconfigure-3.2.4.jar;C:\Users\BALA\.m2\repository\org\springframework\boot\spring-boot-starter-validation\3.2.4\spring-boot-starter-validation-3.2.4.jar;C:\Users\BALA\.m2\repository\org\apache\tomcat\embed\tomcat-embed-el\10.1.19\tomcat-embed-el-10.1.19.jar;C:\Users\BALA\.m2\repository\org\hibernate\validator\hibernate-validator\8.0.1.Final\hibernate-validator-8.0.1.Final.jar;C:\Users\BALA\.m2\repository\jakarta\validation\jakarta.validation-api\3.0.2\jakarta.validation-api-3.0.2.jar;C:\Users\BALA\.m2\repository\org\jboss\logging\jboss-logging\3.5.3.Final\jboss-logging-3.5.3.Final.jar;C:\Users\BALA\.m2\repository\com\fasterxml\classmate\1.6.0\classmate-1.6.0.jar;C:\Users\BALA\.m2\repository\org\springframework\boot\spring-boot-starter-data-jpa\3.2.4\spring-boot-starter-data-jpa-3.2.4.jar;C:\Users\BALA\.m2\repository\org\springframework\boot\spring-boot-starter-aop\3.2.4\spring-boot-starter-aop-3.2.4.jar;C:\Users\BALA\.m2\repository\org\aspectj\aspectjweaver\1.9.21\aspectjweaver-1.9.21.jar;C:\Users\BALA\.m2\repository\org\springframework\boot\spring-boot-starter-jdbc\3.2.4\spring-boot-starter-jdbc-3.2.4.jar;C:\Users\BALA\.m2\repository\com\zaxxer\HikariCP\5.0.1\HikariCP-5.0.1.jar;C:\Users\BALA\.m2\repository\org\springframework\spring-jdbc\6.1.5\spring-jdbc-6.1.5.jar;C:\Users\BALA\.m2\repository\org\hibernate\orm\hibernate-core\6.4.4.Final\hibernate-core-6.4.4.Final.jar;C:\Users\BALA\.m2\repository\jakarta\persistence\jakarta.persistence-api\3.1.0\jakarta.persistence-api-3.1.0.jar;C:\Users\BALA\.m2\repository\jakarta\transaction\jakarta.transaction-api\2.0.1\jakarta.transaction-api-2.0.1.jar;C:\Users\BALA\.m2\repository\org\hibernate\common\hibernate-commons-annotations\6.0.6.Final\hibernate-commons-annotations-6.0.6.Final.jar;C:\Users\BALA\.m2\repository\io\smallrye\jandex\3.1.2\jandex-3.1.2.jar;C:\Users\BALA\.m2\repository\net\bytebuddy\byte-buddy\1.14.12\byte-buddy-1.14.12.jar;C:\Users\BALA\.m2\repository\org\glassfish\jaxb\jaxb-runtime\4.0.5\jaxb-runtime-4.0.5.jar;C:\Users\BALA\.m2\repository\org\glassfish\jaxb\jaxb-core\4.0.5\jaxb-core-4.0.5.jar;C:\Users\BALA\.m2\repository\org\eclipse\angus\angus-activation\2.0.2\angus-activation-2.0.2.jar;C:\Users\BALA\.m2\repository\org\glassfish\jaxb\txw2\4.0.5\txw2-4.0.5.jar;C:\Users\BALA\.m2\repository\com\sun\istack\istack-commons-runtime\4.1.2\istack-commons-runtime-4.1.2.jar;C:\Users\BALA\.m2\repository\jakarta\inject\jakarta.inject-api\2.0.1\jakarta.inject-api-2.0.1.jar;C:\Users\BALA\.m2\repository\org\antlr\antlr4-runtime\4.13.0\antlr4-runtime-4.13.0.jar;C:\Users\BALA\.m2\repository\org\springframework\data\spring-data-jpa\3.2.4\spring-data-jpa-3.2.4.jar;C:\Users\BALA\.m2\repository\org\springframework\data\spring-data-commons\3.2.4\spring-data-commons-3.2.4.jar;C:\Users\BALA\.m2\repository\org\springframework\spring-orm\6.1.5\spring-orm-6.1.5.jar;C:\Users\BALA\.m2\repository\org\springframework\spring-tx\6.1.5\spring-tx-6.1.5.jar;C:\Users\BALA\.m2\repository\org\springframework\spring-aspects\6.1.5\spring-aspects-6.1.5.jar;C:\Users\BALA\.m2\repository\com\h2database\h2\2.2.224\h2-2.2.224.jar;C:\Users\BALA\.m2\repository\org\projectlombok\lombok\1.18.30\lombok-1.18.30.jar;C:\Users\BALA\.m2\repository\jakarta\xml\bind\jakarta.xml.bind-api\4.0.2\jakarta.xml.bind-api-4.0.2.jar;C:\Users\BALA\.m2\repository\jakarta\activation\jakarta.activation-api\2.1.3\jakarta.activation-api-2.1.3.jar;C:\Users\BALA\.m2\repository\org\springframework\spring-core\6.1.5\spring-core-6.1.5.jar;C:\Users\BALA\.m2\repository\org\springframework\spring-jcl\6.1.5\spring-jcl-6.1.5.jar
Launcher Type: SUN_STANDARD

[Global flags]
     intx CICompilerCount                          = 4                                         {product} {ergonomic}
     uint ConcGCThreads                            = 2                                         {product} {ergonomic}
     uint G1ConcRefinementThreads                  = 8                                         {product} {ergonomic}
   size_t G1HeapRegionSize                         = 1048576                                   {product} {ergonomic}
   size_t InitialHeapSize                          = 121634816                                 {product} {ergonomic}
   size_t MarkStackSize                            = 4194304                                   {product} {ergonomic}
   size_t MaxHeapSize                              = 1944059904                                {product} {ergonomic}
   size_t MaxNewSize                               = 1166016512                                {product} {ergonomic}
   size_t MinHeapDeltaBytes                        = 1048576                                   {product} {ergonomic}
   size_t MinHeapSize                              = 8388608                                   {product} {ergonomic}
    uintx NonNMethodCodeHeapSize                   = 4096                                   {pd product} {ergonomic}
    uintx NonProfiledCodeHeapSize                  = 0                                      {pd product} {ergonomic}
     bool ProfileInterpreter                       = false                                  {pd product} {command line}
    uintx ProfiledCodeHeapSize                     = 0                                      {pd product} {ergonomic}
   size_t SoftMaxHeapSize                          = 1944059904                             {manageable} {ergonomic}
     intx TieredStopAtLevel                        = 1                                         {product} {command line}
     bool UseCompressedOops                        = true                           {product lp64_product} {ergonomic}
     bool UseG1GC                                  = true                                      {product} {ergonomic}
     bool UseLargePagesIndividualAllocation        = false                                  {pd product} {ergonomic}

Logging:
Log output configuration:
 #0: stdout all=warning uptime,level,tags foldmultilines=false
 #1: stderr all=off uptime,level,tags foldmultilines=false

Environment Variables:
PATH=C:\Program Files\Common Files\Oracle\Java\javapath;C:\Windows\system32;C:\Windows;C:\Windows\System32\Wbem;C:\Windows\System32\WindowsPowerShell\v1.0\;C:\Windows\System32\OpenSSH\;C:\Program Files\Java\jdk-22\bin;C:\Program Files\MongoDB\Server\8.0\bin;D:\mongosh\bin;C:\Users\BALA\mongosh\bin;D:\GnuWin32\bin;C:\Program Files (x86)\GnuWin32\bin;C:\Program Files (x86)\CodeBlocks\MinGW\bin;c:\Users\BALA\AppData\Local\Programs\cursor\resources\app\bin;C:\ProgramData\Microsoft\Windows\Start Menu\Programs\Git;D:\Git\cmd;C:\Program Files\MySQL\MySQL Server 8.0\bin;C:\Program Files\Redis\;C:\Program Files\nodejs\;C:\Users\BALA\AppData\Local\Programs\Python\Python310\Scripts\;C:\Users\BALA\AppData\Local\Programs\Python\Python310\;C:\Users\BALA\AppData\Local\Programs\Python\Python313\Scripts\;C:\Users\BALA\AppData\Local\Programs\Python\Python313\;C:\Users\BALA\AppData\Local\Programs\Python\Launcher\;C:\Users\BALA\AppData\Local\Microsoft\WindowsApps;C:\Users\BALA\AppData\Local\Programs\Microsoft VS Code\bin;C:\Users\BALA\AppData\Local\Python\bin;D:\DOWNLods\apache-activemq-6.2.1-bin\apache-activemq-6.2.1\bin;C:\Users\BALA\AppData\Roaming\npm
USERNAME=BALA
OS=Windows_NT
PROCESSOR_IDENTIFIER=AMD64 Family 23 Model 160 Stepping 0, AuthenticAMD
TMP=C:\Users\BALA\AppData\Local\Temp
TEMP=C:\Users\BALA\AppData\Local\Temp




Periodic native trim disabled

---------------  S Y S T E M  ---------------

OS:
 Windows 11 , 64 bit Build 22621 (10.0.22621.5415)
OS uptime: 0 days 5:31 hours
Hyper-V role detected

CPU: total 8 (initial active 8) (8 cores per cpu, 2 threads per core) family 23 model 160 stepping 0 microcode 0x0, cx8, cmov, fxsr, ht, mmx, 3dnowpref, sse, sse2, sse3, ssse3, sse4a, sse4.1, sse4.2, popcnt, lzcnt, tsc, tscinvbit, avx, avx2, aes, clmul, bmi1, bmi2, adx, sha, fma, vzeroupper, clflush, clflushopt, hv, rdtscp, rdpid, f16c
Processor Information for all 8 processors :
  Max Mhz: 2401, Current Mhz: 2000, Mhz Limit: 2401

Memory: 4k page, system-wide physical 7413M (539M free)
TotalPageFile size 16617M (AvailPageFile size 2755M)
current process WorkingSet (physical memory assigned to process): 155M, peak: 237M
current process commit charge ("private bytes"): 280M, peak: 280M

vm_info: Java HotSpot(TM) 64-Bit Server VM (22.0.1+8-16) for windows-amd64 JRE (22.0.1+8-16), built on 2024-03-12T10:33:16Z by "mach5one" with MS VC++ 17.6 (VS2022)

END.
